This file contains any messages produced by compilers while
running configure, to aid debugging if configure makes a mistake.

It was created by w3m configure 0.5.3, which was
generated by GNU Autoconf 2.67.  Invocation command line was

  $ ./configure 

## --------- ##
## Platform. ##
## --------- ##

hostname = ubuntu
uname -m = i686
uname -r = 3.13.0-68-generic
uname -s = Linux
uname -v = #111~precise1-Ubuntu SMP Fri Nov 6 18:18:12 UTC 2015

/usr/bin/uname -p = unknown
/bin/uname -X     = unknown

/bin/arch              = unknown
/usr/bin/arch -k       = unknown
/usr/convex/getsysinfo = unknown
/usr/bin/hostinfo      = unknown
/bin/machine           = unknown
/usr/bin/oslevel       = unknown
/bin/universe          = unknown

PATH: /home/guoliang/Public/work/cov-analysis-linux-7.0.0/bin
PATH: /home/guoding/bin
PATH: /usr/lib/lightdm/lightdm
PATH: /usr/local/sbin
PATH: /usr/local/bin
PATH: /usr/sbin
PATH: /usr/bin
PATH: /sbin
PATH: /bin
PATH: /usr/games


## ----------- ##
## Core tests. ##
## ----------- ##

configure:2649: checking for g++
configure:2665: found /usr/bin/g++
configure:2676: result: g++
configure:2703: checking for C++ compiler version
configure:2712: g++ --version >&5
g++ (Ubuntu/Linaro 4.6.3-1ubuntu5) 4.6.3
Copyright (C) 2011 Free Software Foundation, Inc.
This is free software; see the source for copying conditions.  There is NO
warranty; not even for MERCHANTABILITY or FITNESS FOR A PARTICULAR PURPOSE.

configure:2723: $? = 0
configure:2712: g++ -v >&5
Using built-in specs.
COLLECT_GCC=g++
COLLECT_LTO_WRAPPER=/usr/lib/gcc/i686-linux-gnu/4.6/lto-wrapper
Target: i686-linux-gnu
Configured with: ../src/configure -v --with-pkgversion='Ubuntu/Linaro 4.6.3-1ubuntu5' --with-bugurl=file:///usr/share/doc/gcc-4.6/README.Bugs --enable-languages=c,c++,fortran,objc,obj-c++ --prefix=/usr --program-suffix=-4.6 --enable-shared --enable-linker-build-id --with-system-zlib --libexecdir=/usr/lib --without-included-gettext --enable-threads=posix --with-gxx-include-dir=/usr/include/c++/4.6 --libdir=/usr/lib --enable-nls --with-sysroot=/ --enable-clocale=gnu --enable-libstdcxx-debug --enable-libstdcxx-time=yes --enable-gnu-unique-object --enable-plugin --enable-objc-gc --enable-targets=all --disable-werror --with-arch-32=i686 --with-tune=generic --enable-checking=release --build=i686-linux-gnu --host=i686-linux-gnu --target=i686-linux-gnu
Thread model: posix
gcc version 4.6.3 (Ubuntu/Linaro 4.6.3-1ubuntu5) 
configure:2723: $? = 0
configure:2712: g++ -V >&5
g++: error: unrecognized option '-V'
g++: fatal error: no input files
compilation terminated.
configure:2723: $? = 4
configure:2712: g++ -qversion >&5
g++: error: unrecognized option '-qversion'
g++: fatal error: no input files
compilation terminated.
configure:2723: $? = 4
configure:2743: checking whether the C++ compiler works
configure:2765: g++    conftest.cpp  >&5
configure:2769: $? = 0
configure:2817: result: yes
configure:2820: checking for C++ compiler default output file name
configure:2822: result: a.out
configure:2828: checking for suffix of executables
configure:2835: g++ -o conftest    conftest.cpp  >&5
configure:2839: $? = 0
configure:2861: result: 
configure:2883: checking whether we are cross compiling
configure:2891: g++ -o conftest    conftest.cpp  >&5
configure:2895: $? = 0
configure:2902: ./conftest
configure:2906: $? = 0
configure:2921: result: no
configure:2926: checking for suffix of object files
configure:2948: g++ -c   conftest.cpp >&5
configure:2952: $? = 0
configure:2973: result: o
configure:2977: checking whether we are using the GNU C++ compiler
configure:2996: g++ -c   conftest.cpp >&5
configure:2996: $? = 0
configure:3005: result: yes
configure:3014: checking whether g++ accepts -g
configure:3034: g++ -c -g  conftest.cpp >&5
configure:3034: $? = 0
configure:3075: result: yes
configure:3102: checking for gawk
configure:3118: found /usr/bin/gawk
configure:3129: result: gawk
configure:3188: checking for gcc
configure:3204: found /usr/bin/gcc
configure:3215: result: gcc
configure:3444: checking for C compiler version
configure:3453: gcc --version >&5
gcc (Ubuntu/Linaro 4.6.3-1ubuntu5) 4.6.3
Copyright (C) 2011 Free Software Foundation, Inc.
This is free software; see the source for copying conditions.  There is NO
warranty; not even for MERCHANTABILITY or FITNESS FOR A PARTICULAR PURPOSE.

configure:3464: $? = 0
configure:3453: gcc -v >&5
Using built-in specs.
COLLECT_GCC=gcc
COLLECT_LTO_WRAPPER=/usr/lib/gcc/i686-linux-gnu/4.6/lto-wrapper
Target: i686-linux-gnu
Configured with: ../src/configure -v --with-pkgversion='Ubuntu/Linaro 4.6.3-1ubuntu5' --with-bugurl=file:///usr/share/doc/gcc-4.6/README.Bugs --enable-languages=c,c++,fortran,objc,obj-c++ --prefix=/usr --program-suffix=-4.6 --enable-shared --enable-linker-build-id --with-system-zlib --libexecdir=/usr/lib --without-included-gettext --enable-threads=posix --with-gxx-include-dir=/usr/include/c++/4.6 --libdir=/usr/lib --enable-nls --with-sysroot=/ --enable-clocale=gnu --enable-libstdcxx-debug --enable-libstdcxx-time=yes --enable-gnu-unique-object --enable-plugin --enable-objc-gc --enable-targets=all --disable-werror --with-arch-32=i686 --with-tune=generic --enable-checking=release --build=i686-linux-gnu --host=i686-linux-gnu --target=i686-linux-gnu
Thread model: posix
gcc version 4.6.3 (Ubuntu/Linaro 4.6.3-1ubuntu5) 
configure:3464: $? = 0
configure:3453: gcc -V >&5
gcc: error: unrecognized option '-V'
gcc: fatal error: no input files
compilation terminated.
configure:3464: $? = 4
configure:3453: gcc -qversion >&5
gcc: error: unrecognized option '-qversion'
gcc: fatal error: no input files
compilation terminated.
configure:3464: $? = 4
configure:3468: checking whether we are using the GNU C compiler
configure:3487: gcc -c   conftest.c >&5
configure:3487: $? = 0
configure:3496: result: yes
configure:3505: checking whether gcc accepts -g
configure:3525: gcc -c -g  conftest.c >&5
configure:3525: $? = 0
configure:3566: result: yes
configure:3583: checking for gcc option to accept ISO C89
configure:3647: gcc  -c -g -O2  conftest.c >&5
configure:3647: $? = 0
configure:3660: result: none needed
configure:3685: checking how to run the C preprocessor
configure:3716: gcc -E  conftest.c
configure:3716: $? = 0
configure:3730: gcc -E  conftest.c
conftest.c:12:28: fatal error: ac_nonexistent.h: No such file or directory
compilation terminated.
configure:3730: $? = 1
configure: failed program was:
| /* confdefs.h */
| #define PACKAGE_NAME "w3m"
| #define PACKAGE_TARNAME "w3m"
| #define PACKAGE_VERSION "0.5.3"
| #define PACKAGE_STRING "w3m 0.5.3"
| #define PACKAGE_BUGREPORT "satodai@w3m.jp"
| #define PACKAGE_URL ""
| #define PACKAGE "w3m"
| #define VERSION "0.5.3"
| #define W3M w3m
| /* end confdefs.h.  */
| #include <ac_nonexistent.h>
configure:3755: result: gcc -E
configure:3775: gcc -E  conftest.c
configure:3775: $? = 0
configure:3789: gcc -E  conftest.c
conftest.c:12:28: fatal error: ac_nonexistent.h: No such file or directory
compilation terminated.
configure:3789: $? = 1
configure: failed program was:
| /* confdefs.h */
| #define PACKAGE_NAME "w3m"
| #define PACKAGE_TARNAME "w3m"
| #define PACKAGE_VERSION "0.5.3"
| #define PACKAGE_STRING "w3m 0.5.3"
| #define PACKAGE_BUGREPORT "satodai@w3m.jp"
| #define PACKAGE_URL ""
| #define PACKAGE "w3m"
| #define VERSION "0.5.3"
| #define W3M w3m
| /* end confdefs.h.  */
| #include <ac_nonexistent.h>
configure:3860: checking for a BSD-compatible install
configure:3928: result: /usr/bin/install -c
configure:3939: checking whether ln -s works
configure:3943: result: yes
configure:3950: checking whether make sets $(MAKE)
configure:3972: result: yes
configure:4024: checking for ranlib
configure:4040: found /usr/bin/ranlib
configure:4051: result: ranlib
configure:4077: checking for perl
configure:4095: found /usr/bin/perl
configure:4107: result: /usr/bin/perl
configure:4123: checking for nkf
configure:4156: result: no
configure:4169: checking for man
configure:4187: found /usr/bin/man
configure:4199: result: /usr/bin/man
configure:4215: checking build system type
configure:4229: result: i686-pc-linux-gnu
configure:4249: checking host system type
configure:4262: result: i686-pc-linux-gnu
configure:4306: checking if m17n support is enabled
configure:4315: result: yes
configure:4333: checking if unicode support is enabled
configure:4342: result: yes
configure:4357: checking if message l10n
configure:4369: result: no
configure:4377: checking if japanese support is enabled
configure:4386: result: no
configure:4400: checking which charset is used for display
configure:4408: result: UTF-8
configure:4469: checking for a thread-safe mkdir -p
configure:4508: result: /bin/mkdir -p
configure:4518: checking whether NLS is requested
configure:4527: result: yes
configure:4568: checking for msgfmt
configure: trying /usr/bin/msgfmt...
0 translated messages.
configure:4600: result: /usr/bin/msgfmt
configure:4609: checking for gmsgfmt
configure:4640: result: /usr/bin/msgfmt
configure:4691: checking for xgettext
configure: trying /usr/bin/xgettext...
/usr/bin/xgettext: warning: file `/dev/null' extension `' is unknown; will try C
configure:4723: result: /usr/bin/xgettext
configure:4769: checking for msgmerge
configure: trying /usr/bin/msgmerge...
configure:4800: result: /usr/bin/msgmerge
configure:4857: checking for ld used by GCC
configure:4921: result: /usr/bin/ld
configure:4928: checking if the linker (/usr/bin/ld) is GNU ld
configure:4941: result: yes
configure:4948: checking for shared library run path origin
configure:4961: result: done
configure:4982: checking for grep that handles long lines and -e
configure:5040: result: /bin/grep
configure:5045: checking for egrep
configure:5107: result: /bin/grep -E
configure:5665: checking for CFPreferencesCopyAppValue
configure:5683: gcc -o conftest -g -O2 -I$(srcdir)/libwc   conftest.c  -Wl,-framework -Wl,CoreFoundation >&5
conftest.c:21:42: fatal error: CoreFoundation/CFPreferences.h: No such file or directory
compilation terminated.
configure:5683: $? = 1
configure: failed program was:
| /* confdefs.h */
| #define PACKAGE_NAME "w3m"
| #define PACKAGE_TARNAME "w3m"
| #define PACKAGE_VERSION "0.5.3"
| #define PACKAGE_STRING "w3m 0.5.3"
| #define PACKAGE_BUGREPORT "satodai@w3m.jp"
| #define PACKAGE_URL ""
| #define PACKAGE "w3m"
| #define VERSION "0.5.3"
| #define W3M w3m
| #define W3M_TARGET 
| #define USE_M17N 1
| #define USE_UNICODE 1
| #define W3M_LANG EN
| #define WCTARGET "libwc/libwc.a"
| #define WCCFLAGS "-DUSE_UNICODE -I$(srcdir) -I$(srcdir)/.."
| #define DISPLAY_CHARSET WC_CES_UTF_8
| #define SYSTEM_CHARSET WC_CES_UTF_8
| #define DOCUMENT_CHARSET WC_CES_UTF_8
| /* end confdefs.h.  */
| #include <CoreFoundation/CFPreferences.h>
| int
| main ()
| {
| CFPreferencesCopyAppValue(NULL, NULL)
|   ;
|   return 0;
| }
configure:5692: result: no
configure:5699: checking for CFLocaleCopyCurrent
configure:5717: gcc -o conftest -g -O2 -I$(srcdir)/libwc   conftest.c  -Wl,-framework -Wl,CoreFoundation >&5
conftest.c:21:37: fatal error: CoreFoundation/CFLocale.h: No such file or directory
compilation terminated.
configure:5717: $? = 1
configure: failed program was:
| /* confdefs.h */
| #define PACKAGE_NAME "w3m"
| #define PACKAGE_TARNAME "w3m"
| #define PACKAGE_VERSION "0.5.3"
| #define PACKAGE_STRING "w3m 0.5.3"
| #define PACKAGE_BUGREPORT "satodai@w3m.jp"
| #define PACKAGE_URL ""
| #define PACKAGE "w3m"
| #define VERSION "0.5.3"
| #define W3M w3m
| #define W3M_TARGET 
| #define USE_M17N 1
| #define USE_UNICODE 1
| #define W3M_LANG EN
| #define WCTARGET "libwc/libwc.a"
| #define WCCFLAGS "-DUSE_UNICODE -I$(srcdir) -I$(srcdir)/.."
| #define DISPLAY_CHARSET WC_CES_UTF_8
| #define SYSTEM_CHARSET WC_CES_UTF_8
| #define DOCUMENT_CHARSET WC_CES_UTF_8
| /* end confdefs.h.  */
| #include <CoreFoundation/CFLocale.h>
| int
| main ()
| {
| CFLocaleCopyCurrent();
|   ;
|   return 0;
| }
configure:5726: result: no
configure:5775: checking for GNU gettext in libc
configure:5795: gcc -o conftest -g -O2 -I$(srcdir)/libwc   conftest.c  >&5
configure:5795: $? = 0
configure:5804: result: yes
configure:6595: checking whether to use NLS
configure:6597: result: yes
configure:6600: checking where the gettext function comes from
configure:6611: result: libc
configure:6678: checking if color escape sequence for kterm/pxvt is enabled
configure:6689: result: yes
configure:6692: checking if ansi color escape sequence support is enabled
configure:6703: result: yes
configure:6706: checking if background color support is enabled
configure:6717: result: yes
configure:6742: checking if image is enabled
configure:6751: result: yes
configure:6785: checking image library
configure:6798: result: gtk2 gdk-pixbuf imlib imlib2
configure:6836: checking GdkPixbuf version
configure:6838: result: 2.26.1
configure:6893: WARNING: Imlib is not installed.  Install Imlib (version >= 1.9.8)
configure:6914: WARNING: Imlib2 is not installed.  Install Imlib2 (version >= 1.0.5)
configure:7031: checking if xface is enabled
configure:7042: result: yes
configure:7046: checking for uncompface
configure:7074: result: no
configure:7082: WARNING: uncompface is not installed.
configure:7088: checking default keymap
configure:7097: result: w3m
configure:7119: checking if popup menu is enabled
configure:7130: result: yes
configure:7133: checking if mouse operation enabled
configure:7144: result: yes
configure:7147: checking if URL history is enabled
configure:7158: result: yes
configure:7161: checking if alarm is enabled
configure:7170: result: yes
configure:7186: gcc -c -g -O2 -I$(srcdir)/libwc  conftest.c >&5
configure:7186: $? = 0
configure:7194: checking if cookie is enabled
configure:7205: result: yes
configure:7208: checking if nntp is enabled
configure:7219: result: yes
configure:7222: checking if gopher is enabled
configure:7233: result: no
configure:7237: checking if dictionary lookup is enabled
configure:7248: result: yes
configure:7251: checking if help cgi is enabled
configure:7262: result: yes
configure:7265: checking if external URI loader is enabled
configure:7276: result: yes
configure:7279: checking if w3mmail is used
configure:7291: result: yes
configure:7296: checking if migemo is supported with
configure:7308: result: migemo -t egrep /usr/local/share/migemo/migemo-dict
configure:7316: checking which editor is used by default
configure:7324: result: /usr/bin/vi
configure:7332: checking which mailer is used by default
configure:7340: result: /usr/bin/mail
configure:7348: checking which external browser is used by default
configure:7356: result: /usr/bin/mozilla
configure:7366: checking for -lbsd
configure:7377: result: not found
configure:7366: checking for -lBSD
configure:7377: result: not found
configure:7366: checking for -l44bsd
configure:7377: result: not found
configure:7366: checking for -lsocket
configure:7377: result: not found
configure:7366: checking for -lnsl
configure:7377: result: found at /usr/lib64
configure:7366: checking for -ldld
configure:7377: result: not found
configure:7366: checking for -ldl
configure:7377: result: found at /usr/lib64
configure:7381: checking if IPv6 support is enabled
configure:7390: result: yes
configure:7394: checking if IPv6 API available
configure:7397: checking for getaddrinfo
configure:7397: gcc -o conftest -g -O2 -I$(srcdir)/libwc   conftest.c  -lnsl -ldl >&5
configure:7397: $? = 0
configure:7397: result: yes
configure:7463: checking if struct sockaddr_storage has an ss_family member
configure:7482: gcc -c -g -O2 -I$(srcdir)/libwc  conftest.c >&5
configure:7482: $? = 0
configure:7483: result: yes
configure:7578: checking for pkg-config
configure:7596: found /usr/bin/pkg-config
configure:7608: result: /usr/bin/pkg-config
configure:7633: checking pkg-config is at least version 0.9.0
configure:7636: result: yes
configure:7646: checking if SSL is suported
configure:7656: result: yes
configure:7661: checking for SSL
configure:7668: $PKG_CONFIG --exists --print-errors "openssl"
configure:7671: $? = 0
configure:7684: $PKG_CONFIG --exists --print-errors "openssl"
configure:7687: $? = 0
configure:7764: result: yes
configure:7768: checking for SSL_new in -lssl
configure:7793: gcc -o conftest -g -O2 -I$(srcdir)/libwc   conftest.c -lssl -lssl -lcrypto   -lcrypto  -lnsl -ldl >&5
configure:7793: $? = 0
configure:7802: result: yes
configure:7814: checking if SSL certificate verify is enabled
configure:7825: result: yes
configure:7830: checking if digest auth is enabled
configure:7845: result: yes
configure:7849: checking for sqrt
configure:7849: gcc -o conftest -g -O2 -I$(srcdir)/libwc     conftest.c  -lnsl -ldl >&5
conftest.c:88:6: warning: conflicting types for built-in function 'sqrt' [enabled by default]
/tmp/ccxy1Lyh.o: In function `main':
/home/guoding/.emacs.d/w3m-0.5.3/conftest.c:99: undefined reference to `sqrt'
collect2: ld returned 1 exit status
configure:7849: $? = 1
configure: failed program was:
| /* confdefs.h */
| #define PACKAGE_NAME "w3m"
| #define PACKAGE_TARNAME "w3m"
| #define PACKAGE_VERSION "0.5.3"
| #define PACKAGE_STRING "w3m 0.5.3"
| #define PACKAGE_BUGREPORT "satodai@w3m.jp"
| #define PACKAGE_URL ""
| #define PACKAGE "w3m"
| #define VERSION "0.5.3"
| #define W3M w3m
| #define W3M_TARGET 
| #define USE_M17N 1
| #define USE_UNICODE 1
| #define W3M_LANG EN
| #define WCTARGET "libwc/libwc.a"
| #define WCCFLAGS "-DUSE_UNICODE -I$(srcdir) -I$(srcdir)/.."
| #define DISPLAY_CHARSET WC_CES_UTF_8
| #define SYSTEM_CHARSET WC_CES_UTF_8
| #define DOCUMENT_CHARSET WC_CES_UTF_8
| #define ENABLE_NLS 1
| #define HAVE_GETTEXT 1
| #define HAVE_DCGETTEXT 1
| #define USE_COLOR 1
| #define USE_ANSI_COLOR 1
| #define USE_BG_COLOR 1
| #define INSTALL_W3MIMGDISPLAY $INSTALL_W3MIMGDISPLAY
| #define USE_IMAGE 1
| #define USE_W3MIMG_X11 1
| #define USE_GDKPIXBUF 1
| #define USE_GTK2 1
| #define USE_W3MIMG_FB 1
| #define USE_GDKPIXBUF 1
| #define USE_GTK2 1
| #define IMGTARGETS "$IMGTARGETS"
| #define IMGOBJS "$IMGOBJS"
| #define IMGX11CFLAGS "$IMGX11CFLAGS"
| #define IMGX11LDFLAGS "$IMGX11LDFLAGS"
| #define IMGFBCFLAGS "$IMGFBCFLAGS"
| #define IMGFBLDFLAGS "$IMGFBLDFLAGS"
| #define IMGLINK "$IMGLINK"
| #define IMGWINCFLAGS "$IMGWINCFLAGS"
| #define IMGWINLDFLAGS "$IMGWINLDFLAGS"
| #define USE_XFACE 1
| #define HELP_FILE "w3mhelp-w3m_en.html"
| #define KEYBIND w3m
| #define USE_MENU 1
| #define USE_MOUSE 1
| #define USE_HISTORY 1
| #define USE_ALARM 1
| #define USE_COOKIE 1
| #define USE_NNTP 1
| #define USE_DICT 1
| #define USE_HELP_CGI 1
| #define USE_EXTERNAL_URI_LOADER 1
| #define USE_W3MMAILER 1
| #define DEF_MIGEMO_COMMAND "migemo -t egrep /usr/local/share/migemo/migemo-dict"
| #define DEF_EDITOR "/usr/bin/vi"
| #define DEF_MAILER "/usr/bin/mail"
| #define DEF_EXT_BROWSER "/usr/bin/mozilla"
| #define INET6 1
| #define USE_SSL 1
| #define USE_SSL_VERIFY 1
| #define USE_DIGEST_AUTH 1
| /* end confdefs.h.  */
| /* Define sqrt to an innocuous variant, in case <limits.h> declares sqrt.
|    For example, HP-UX 11i <limits.h> declares gettimeofday.  */
| #define sqrt innocuous_sqrt
| 
| /* System header to define __stub macros and hopefully few prototypes,
|     which can conflict with char sqrt (); below.
|     Prefer <limits.h> to <assert.h> if __STDC__ is defined, since
|     <limits.h> exists even on freestanding compilers.  */
| 
| #ifdef __STDC__
| # include <limits.h>
| #else
| # include <assert.h>
| #endif
| 
| #undef sqrt
| 
| /* Override any GCC internal prototype to avoid an error.
|    Use char because int might match the return type of a GCC
|    builtin and then its argument prototype would still apply.  */
| #ifdef __cplusplus
| extern "C"
| #endif
| char sqrt ();
| /* The GNU C library defines this for functions which it implements
|     to always fail with ENOSYS.  Some functions are actually named
|     something starting with __ and the normal name is an alias.  */
| #if defined __stub_sqrt || defined __stub___sqrt
| choke me
| #endif
| 
| int
| main ()
| {
| return sqrt ();
|   ;
|   return 0;
| }
configure:7849: result: no
configure:7853: checking for sqrt in -lm
configure:7878: gcc -o conftest -g -O2 -I$(srcdir)/libwc     conftest.c -lm   -lnsl -ldl >&5
conftest.c:72:6: warning: conflicting types for built-in function 'sqrt' [enabled by default]
configure:7878: $? = 0
configure:7887: result: yes
configure:7902: checking for Gpm_Open in -lgpm
configure:7927: gcc -o conftest -g -O2 -I$(srcdir)/libwc     conftest.c -lgpm  -lm  -lnsl -ldl >&5
/usr/bin/ld: cannot find -lgpm
collect2: ld returned 1 exit status
configure:7927: $? = 1
configure: failed program was:
| /* confdefs.h */
| #define PACKAGE_NAME "w3m"
| #define PACKAGE_TARNAME "w3m"
| #define PACKAGE_VERSION "0.5.3"
| #define PACKAGE_STRING "w3m 0.5.3"
| #define PACKAGE_BUGREPORT "satodai@w3m.jp"
| #define PACKAGE_URL ""
| #define PACKAGE "w3m"
| #define VERSION "0.5.3"
| #define W3M w3m
| #define W3M_TARGET 
| #define USE_M17N 1
| #define USE_UNICODE 1
| #define W3M_LANG EN
| #define WCTARGET "libwc/libwc.a"
| #define WCCFLAGS "-DUSE_UNICODE -I$(srcdir) -I$(srcdir)/.."
| #define DISPLAY_CHARSET WC_CES_UTF_8
| #define SYSTEM_CHARSET WC_CES_UTF_8
| #define DOCUMENT_CHARSET WC_CES_UTF_8
| #define ENABLE_NLS 1
| #define HAVE_GETTEXT 1
| #define HAVE_DCGETTEXT 1
| #define USE_COLOR 1
| #define USE_ANSI_COLOR 1
| #define USE_BG_COLOR 1
| #define INSTALL_W3MIMGDISPLAY $INSTALL_W3MIMGDISPLAY
| #define USE_IMAGE 1
| #define USE_W3MIMG_X11 1
| #define USE_GDKPIXBUF 1
| #define USE_GTK2 1
| #define USE_W3MIMG_FB 1
| #define USE_GDKPIXBUF 1
| #define USE_GTK2 1
| #define IMGTARGETS "$IMGTARGETS"
| #define IMGOBJS "$IMGOBJS"
| #define IMGX11CFLAGS "$IMGX11CFLAGS"
| #define IMGX11LDFLAGS "$IMGX11LDFLAGS"
| #define IMGFBCFLAGS "$IMGFBCFLAGS"
| #define IMGFBLDFLAGS "$IMGFBLDFLAGS"
| #define IMGLINK "$IMGLINK"
| #define IMGWINCFLAGS "$IMGWINCFLAGS"
| #define IMGWINLDFLAGS "$IMGWINLDFLAGS"
| #define USE_XFACE 1
| #define HELP_FILE "w3mhelp-w3m_en.html"
| #define KEYBIND w3m
| #define USE_MENU 1
| #define USE_MOUSE 1
| #define USE_HISTORY 1
| #define USE_ALARM 1
| #define USE_COOKIE 1
| #define USE_NNTP 1
| #define USE_DICT 1
| #define USE_HELP_CGI 1
| #define USE_EXTERNAL_URI_LOADER 1
| #define USE_W3MMAILER 1
| #define DEF_MIGEMO_COMMAND "migemo -t egrep /usr/local/share/migemo/migemo-dict"
| #define DEF_EDITOR "/usr/bin/vi"
| #define DEF_MAILER "/usr/bin/mail"
| #define DEF_EXT_BROWSER "/usr/bin/mozilla"
| #define INET6 1
| #define USE_SSL 1
| #define USE_SSL_VERIFY 1
| #define USE_DIGEST_AUTH 1
| #define HAVE_LIBM 1
| /* end confdefs.h.  */
| 
| /* Override any GCC internal prototype to avoid an error.
|    Use char because int might match the return type of a GCC
|    builtin and then its argument prototype would still apply.  */
| #ifdef __cplusplus
| extern "C"
| #endif
| char Gpm_Open ();
| int
| main ()
| {
| return Gpm_Open ();
|   ;
|   return 0;
| }
configure:7936: result: no
configure:7950: gcc -E  conftest.c
conftest.c:66:24: fatal error: sys/consio.h: No such file or directory
compilation terminated.
configure:7950: $? = 1
configure: failed program was:
| /* confdefs.h */
| #define PACKAGE_NAME "w3m"
| #define PACKAGE_TARNAME "w3m"
| #define PACKAGE_VERSION "0.5.3"
| #define PACKAGE_STRING "w3m 0.5.3"
| #define PACKAGE_BUGREPORT "satodai@w3m.jp"
| #define PACKAGE_URL ""
| #define PACKAGE "w3m"
| #define VERSION "0.5.3"
| #define W3M w3m
| #define W3M_TARGET 
| #define USE_M17N 1
| #define USE_UNICODE 1
| #define W3M_LANG EN
| #define WCTARGET "libwc/libwc.a"
| #define WCCFLAGS "-DUSE_UNICODE -I$(srcdir) -I$(srcdir)/.."
| #define DISPLAY_CHARSET WC_CES_UTF_8
| #define SYSTEM_CHARSET WC_CES_UTF_8
| #define DOCUMENT_CHARSET WC_CES_UTF_8
| #define ENABLE_NLS 1
| #define HAVE_GETTEXT 1
| #define HAVE_DCGETTEXT 1
| #define USE_COLOR 1
| #define USE_ANSI_COLOR 1
| #define USE_BG_COLOR 1
| #define INSTALL_W3MIMGDISPLAY $INSTALL_W3MIMGDISPLAY
| #define USE_IMAGE 1
| #define USE_W3MIMG_X11 1
| #define USE_GDKPIXBUF 1
| #define USE_GTK2 1
| #define USE_W3MIMG_FB 1
| #define USE_GDKPIXBUF 1
| #define USE_GTK2 1
| #define IMGTARGETS "$IMGTARGETS"
| #define IMGOBJS "$IMGOBJS"
| #define IMGX11CFLAGS "$IMGX11CFLAGS"
| #define IMGX11LDFLAGS "$IMGX11LDFLAGS"
| #define IMGFBCFLAGS "$IMGFBCFLAGS"
| #define IMGFBLDFLAGS "$IMGFBLDFLAGS"
| #define IMGLINK "$IMGLINK"
| #define IMGWINCFLAGS "$IMGWINCFLAGS"
| #define IMGWINLDFLAGS "$IMGWINLDFLAGS"
| #define USE_XFACE 1
| #define HELP_FILE "w3mhelp-w3m_en.html"
| #define KEYBIND w3m
| #define USE_MENU 1
| #define USE_MOUSE 1
| #define USE_HISTORY 1
| #define USE_ALARM 1
| #define USE_COOKIE 1
| #define USE_NNTP 1
| #define USE_DICT 1
| #define USE_HELP_CGI 1
| #define USE_EXTERNAL_URI_LOADER 1
| #define USE_W3MMAILER 1
| #define DEF_MIGEMO_COMMAND "migemo -t egrep /usr/local/share/migemo/migemo-dict"
| #define DEF_EDITOR "/usr/bin/vi"
| #define DEF_MAILER "/usr/bin/mail"
| #define DEF_EXT_BROWSER "/usr/bin/mozilla"
| #define INET6 1
| #define USE_SSL 1
| #define USE_SSL_VERIFY 1
| #define USE_DIGEST_AUTH 1
| #define HAVE_LIBM 1
| /* end confdefs.h.  */
| #include <sys/consio.h>
|    MOUSE_GETINFO
configure:7959: gcc -E  conftest.c
conftest.c:66:29: fatal error: machine/console.h: No such file or directory
compilation terminated.
configure:7959: $? = 1
configure: failed program was:
| /* confdefs.h */
| #define PACKAGE_NAME "w3m"
| #define PACKAGE_TARNAME "w3m"
| #define PACKAGE_VERSION "0.5.3"
| #define PACKAGE_STRING "w3m 0.5.3"
| #define PACKAGE_BUGREPORT "satodai@w3m.jp"
| #define PACKAGE_URL ""
| #define PACKAGE "w3m"
| #define VERSION "0.5.3"
| #define W3M w3m
| #define W3M_TARGET 
| #define USE_M17N 1
| #define USE_UNICODE 1
| #define W3M_LANG EN
| #define WCTARGET "libwc/libwc.a"
| #define WCCFLAGS "-DUSE_UNICODE -I$(srcdir) -I$(srcdir)/.."
| #define DISPLAY_CHARSET WC_CES_UTF_8
| #define SYSTEM_CHARSET WC_CES_UTF_8
| #define DOCUMENT_CHARSET WC_CES_UTF_8
| #define ENABLE_NLS 1
| #define HAVE_GETTEXT 1
| #define HAVE_DCGETTEXT 1
| #define USE_COLOR 1
| #define USE_ANSI_COLOR 1
| #define USE_BG_COLOR 1
| #define INSTALL_W3MIMGDISPLAY $INSTALL_W3MIMGDISPLAY
| #define USE_IMAGE 1
| #define USE_W3MIMG_X11 1
| #define USE_GDKPIXBUF 1
| #define USE_GTK2 1
| #define USE_W3MIMG_FB 1
| #define USE_GDKPIXBUF 1
| #define USE_GTK2 1
| #define IMGTARGETS "$IMGTARGETS"
| #define IMGOBJS "$IMGOBJS"
| #define IMGX11CFLAGS "$IMGX11CFLAGS"
| #define IMGX11LDFLAGS "$IMGX11LDFLAGS"
| #define IMGFBCFLAGS "$IMGFBCFLAGS"
| #define IMGFBLDFLAGS "$IMGFBLDFLAGS"
| #define IMGLINK "$IMGLINK"
| #define IMGWINCFLAGS "$IMGWINCFLAGS"
| #define IMGWINLDFLAGS "$IMGWINLDFLAGS"
| #define USE_XFACE 1
| #define HELP_FILE "w3mhelp-w3m_en.html"
| #define KEYBIND w3m
| #define USE_MENU 1
| #define USE_MOUSE 1
| #define USE_HISTORY 1
| #define USE_ALARM 1
| #define USE_COOKIE 1
| #define USE_NNTP 1
| #define USE_DICT 1
| #define USE_HELP_CGI 1
| #define USE_EXTERNAL_URI_LOADER 1
| #define USE_W3MMAILER 1
| #define DEF_MIGEMO_COMMAND "migemo -t egrep /usr/local/share/migemo/migemo-dict"
| #define DEF_EDITOR "/usr/bin/vi"
| #define DEF_MAILER "/usr/bin/mail"
| #define DEF_EXT_BROWSER "/usr/bin/mozilla"
| #define INET6 1
| #define USE_SSL 1
| #define USE_SSL_VERIFY 1
| #define USE_DIGEST_AUTH 1
| #define HAVE_LIBM 1
| /* end confdefs.h.  */
| #include <machine/console.h>
|       MOUSE_GETINFO
configure:7968: checking terminal library
configure:7978: result: yes
configure:7983: checking for tgetent in -lterminfo
configure:8008: gcc -o conftest -g -O2 -I$(srcdir)/libwc     conftest.c -lterminfo  -lm  -lnsl -ldl >&5
/usr/bin/ld: cannot find -lterminfo
collect2: ld returned 1 exit status
configure:8008: $? = 1
configure: failed program was:
| /* confdefs.h */
| #define PACKAGE_NAME "w3m"
| #define PACKAGE_TARNAME "w3m"
| #define PACKAGE_VERSION "0.5.3"
| #define PACKAGE_STRING "w3m 0.5.3"
| #define PACKAGE_BUGREPORT "satodai@w3m.jp"
| #define PACKAGE_URL ""
| #define PACKAGE "w3m"
| #define VERSION "0.5.3"
| #define W3M w3m
| #define W3M_TARGET 
| #define USE_M17N 1
| #define USE_UNICODE 1
| #define W3M_LANG EN
| #define WCTARGET "libwc/libwc.a"
| #define WCCFLAGS "-DUSE_UNICODE -I$(srcdir) -I$(srcdir)/.."
| #define DISPLAY_CHARSET WC_CES_UTF_8
| #define SYSTEM_CHARSET WC_CES_UTF_8
| #define DOCUMENT_CHARSET WC_CES_UTF_8
| #define ENABLE_NLS 1
| #define HAVE_GETTEXT 1
| #define HAVE_DCGETTEXT 1
| #define USE_COLOR 1
| #define USE_ANSI_COLOR 1
| #define USE_BG_COLOR 1
| #define INSTALL_W3MIMGDISPLAY $INSTALL_W3MIMGDISPLAY
| #define USE_IMAGE 1
| #define USE_W3MIMG_X11 1
| #define USE_GDKPIXBUF 1
| #define USE_GTK2 1
| #define USE_W3MIMG_FB 1
| #define USE_GDKPIXBUF 1
| #define USE_GTK2 1
| #define IMGTARGETS "$IMGTARGETS"
| #define IMGOBJS "$IMGOBJS"
| #define IMGX11CFLAGS "$IMGX11CFLAGS"
| #define IMGX11LDFLAGS "$IMGX11LDFLAGS"
| #define IMGFBCFLAGS "$IMGFBCFLAGS"
| #define IMGFBLDFLAGS "$IMGFBLDFLAGS"
| #define IMGLINK "$IMGLINK"
| #define IMGWINCFLAGS "$IMGWINCFLAGS"
| #define IMGWINLDFLAGS "$IMGWINLDFLAGS"
| #define USE_XFACE 1
| #define HELP_FILE "w3mhelp-w3m_en.html"
| #define KEYBIND w3m
| #define USE_MENU 1
| #define USE_MOUSE 1
| #define USE_HISTORY 1
| #define USE_ALARM 1
| #define USE_COOKIE 1
| #define USE_NNTP 1
| #define USE_DICT 1
| #define USE_HELP_CGI 1
| #define USE_EXTERNAL_URI_LOADER 1
| #define USE_W3MMAILER 1
| #define DEF_MIGEMO_COMMAND "migemo -t egrep /usr/local/share/migemo/migemo-dict"
| #define DEF_EDITOR "/usr/bin/vi"
| #define DEF_MAILER "/usr/bin/mail"
| #define DEF_EXT_BROWSER "/usr/bin/mozilla"
| #define INET6 1
| #define USE_SSL 1
| #define USE_SSL_VERIFY 1
| #define USE_DIGEST_AUTH 1
| #define HAVE_LIBM 1
| /* end confdefs.h.  */
| 
| /* Override any GCC internal prototype to avoid an error.
|    Use char because int might match the return type of a GCC
|    builtin and then its argument prototype would still apply.  */
| #ifdef __cplusplus
| extern "C"
| #endif
| char tgetent ();
| int
| main ()
| {
| return tgetent ();
|   ;
|   return 0;
| }
configure:8018: result: no
configure:7983: checking for tgetent in -lmytinfo
configure:8008: gcc -o conftest -g -O2 -I$(srcdir)/libwc     conftest.c -lmytinfo  -lm  -lnsl -ldl >&5
/usr/bin/ld: cannot find -lmytinfo
collect2: ld returned 1 exit status
configure:8008: $? = 1
configure: failed program was:
| /* confdefs.h */
| #define PACKAGE_NAME "w3m"
| #define PACKAGE_TARNAME "w3m"
| #define PACKAGE_VERSION "0.5.3"
| #define PACKAGE_STRING "w3m 0.5.3"
| #define PACKAGE_BUGREPORT "satodai@w3m.jp"
| #define PACKAGE_URL ""
| #define PACKAGE "w3m"
| #define VERSION "0.5.3"
| #define W3M w3m
| #define W3M_TARGET 
| #define USE_M17N 1
| #define USE_UNICODE 1
| #define W3M_LANG EN
| #define WCTARGET "libwc/libwc.a"
| #define WCCFLAGS "-DUSE_UNICODE -I$(srcdir) -I$(srcdir)/.."
| #define DISPLAY_CHARSET WC_CES_UTF_8
| #define SYSTEM_CHARSET WC_CES_UTF_8
| #define DOCUMENT_CHARSET WC_CES_UTF_8
| #define ENABLE_NLS 1
| #define HAVE_GETTEXT 1
| #define HAVE_DCGETTEXT 1
| #define USE_COLOR 1
| #define USE_ANSI_COLOR 1
| #define USE_BG_COLOR 1
| #define INSTALL_W3MIMGDISPLAY $INSTALL_W3MIMGDISPLAY
| #define USE_IMAGE 1
| #define USE_W3MIMG_X11 1
| #define USE_GDKPIXBUF 1
| #define USE_GTK2 1
| #define USE_W3MIMG_FB 1
| #define USE_GDKPIXBUF 1
| #define USE_GTK2 1
| #define IMGTARGETS "$IMGTARGETS"
| #define IMGOBJS "$IMGOBJS"
| #define IMGX11CFLAGS "$IMGX11CFLAGS"
| #define IMGX11LDFLAGS "$IMGX11LDFLAGS"
| #define IMGFBCFLAGS "$IMGFBCFLAGS"
| #define IMGFBLDFLAGS "$IMGFBLDFLAGS"
| #define IMGLINK "$IMGLINK"
| #define IMGWINCFLAGS "$IMGWINCFLAGS"
| #define IMGWINLDFLAGS "$IMGWINLDFLAGS"
| #define USE_XFACE 1
| #define HELP_FILE "w3mhelp-w3m_en.html"
| #define KEYBIND w3m
| #define USE_MENU 1
| #define USE_MOUSE 1
| #define USE_HISTORY 1
| #define USE_ALARM 1
| #define USE_COOKIE 1
| #define USE_NNTP 1
| #define USE_DICT 1
| #define USE_HELP_CGI 1
| #define USE_EXTERNAL_URI_LOADER 1
| #define USE_W3MMAILER 1
| #define DEF_MIGEMO_COMMAND "migemo -t egrep /usr/local/share/migemo/migemo-dict"
| #define DEF_EDITOR "/usr/bin/vi"
| #define DEF_MAILER "/usr/bin/mail"
| #define DEF_EXT_BROWSER "/usr/bin/mozilla"
| #define INET6 1
| #define USE_SSL 1
| #define USE_SSL_VERIFY 1
| #define USE_DIGEST_AUTH 1
| #define HAVE_LIBM 1
| /* end confdefs.h.  */
| 
| /* Override any GCC internal prototype to avoid an error.
|    Use char because int might match the return type of a GCC
|    builtin and then its argument prototype would still apply.  */
| #ifdef __cplusplus
| extern "C"
| #endif
| char tgetent ();
| int
| main ()
| {
| return tgetent ();
|   ;
|   return 0;
| }
configure:8018: result: no
configure:7983: checking for tgetent in -ltermlib
configure:8008: gcc -o conftest -g -O2 -I$(srcdir)/libwc     conftest.c -ltermlib  -lm  -lnsl -ldl >&5
/usr/bin/ld: cannot find -ltermlib
collect2: ld returned 1 exit status
configure:8008: $? = 1
configure: failed program was:
| /* confdefs.h */
| #define PACKAGE_NAME "w3m"
| #define PACKAGE_TARNAME "w3m"
| #define PACKAGE_VERSION "0.5.3"
| #define PACKAGE_STRING "w3m 0.5.3"
| #define PACKAGE_BUGREPORT "satodai@w3m.jp"
| #define PACKAGE_URL ""
| #define PACKAGE "w3m"
| #define VERSION "0.5.3"
| #define W3M w3m
| #define W3M_TARGET 
| #define USE_M17N 1
| #define USE_UNICODE 1
| #define W3M_LANG EN
| #define WCTARGET "libwc/libwc.a"
| #define WCCFLAGS "-DUSE_UNICODE -I$(srcdir) -I$(srcdir)/.."
| #define DISPLAY_CHARSET WC_CES_UTF_8
| #define SYSTEM_CHARSET WC_CES_UTF_8
| #define DOCUMENT_CHARSET WC_CES_UTF_8
| #define ENABLE_NLS 1
| #define HAVE_GETTEXT 1
| #define HAVE_DCGETTEXT 1
| #define USE_COLOR 1
| #define USE_ANSI_COLOR 1
| #define USE_BG_COLOR 1
| #define INSTALL_W3MIMGDISPLAY $INSTALL_W3MIMGDISPLAY
| #define USE_IMAGE 1
| #define USE_W3MIMG_X11 1
| #define USE_GDKPIXBUF 1
| #define USE_GTK2 1
| #define USE_W3MIMG_FB 1
| #define USE_GDKPIXBUF 1
| #define USE_GTK2 1
| #define IMGTARGETS "$IMGTARGETS"
| #define IMGOBJS "$IMGOBJS"
| #define IMGX11CFLAGS "$IMGX11CFLAGS"
| #define IMGX11LDFLAGS "$IMGX11LDFLAGS"
| #define IMGFBCFLAGS "$IMGFBCFLAGS"
| #define IMGFBLDFLAGS "$IMGFBLDFLAGS"
| #define IMGLINK "$IMGLINK"
| #define IMGWINCFLAGS "$IMGWINCFLAGS"
| #define IMGWINLDFLAGS "$IMGWINLDFLAGS"
| #define USE_XFACE 1
| #define HELP_FILE "w3mhelp-w3m_en.html"
| #define KEYBIND w3m
| #define USE_MENU 1
| #define USE_MOUSE 1
| #define USE_HISTORY 1
| #define USE_ALARM 1
| #define USE_COOKIE 1
| #define USE_NNTP 1
| #define USE_DICT 1
| #define USE_HELP_CGI 1
| #define USE_EXTERNAL_URI_LOADER 1
| #define USE_W3MMAILER 1
| #define DEF_MIGEMO_COMMAND "migemo -t egrep /usr/local/share/migemo/migemo-dict"
| #define DEF_EDITOR "/usr/bin/vi"
| #define DEF_MAILER "/usr/bin/mail"
| #define DEF_EXT_BROWSER "/usr/bin/mozilla"
| #define INET6 1
| #define USE_SSL 1
| #define USE_SSL_VERIFY 1
| #define USE_DIGEST_AUTH 1
| #define HAVE_LIBM 1
| /* end confdefs.h.  */
| 
| /* Override any GCC internal prototype to avoid an error.
|    Use char because int might match the return type of a GCC
|    builtin and then its argument prototype would still apply.  */
| #ifdef __cplusplus
| extern "C"
| #endif
| char tgetent ();
| int
| main ()
| {
| return tgetent ();
|   ;
|   return 0;
| }
configure:8018: result: no
configure:7983: checking for tgetent in -ltermcap
configure:8008: gcc -o conftest -g -O2 -I$(srcdir)/libwc     conftest.c -ltermcap  -lm  -lnsl -ldl >&5
configure:8008: $? = 0
configure:8018: result: yes
configure:8026: checking for ANSI C header files
configure:8046: gcc -c -g -O2 -I$(srcdir)/libwc    conftest.c >&5
configure:8046: $? = 0
configure:8119: gcc -o conftest -g -O2 -I$(srcdir)/libwc     conftest.c -lm  -lnsl -ldl >&5
configure:8119: $? = 0
configure:8119: ./conftest
configure:8119: $? = 0
configure:8130: result: yes
configure:8143: checking for sys/types.h
configure:8143: gcc -c -g -O2 -I$(srcdir)/libwc    conftest.c >&5
configure:8143: $? = 0
configure:8143: result: yes
configure:8143: checking for sys/stat.h
configure:8143: gcc -c -g -O2 -I$(srcdir)/libwc    conftest.c >&5
configure:8143: $? = 0
configure:8143: result: yes
configure:8143: checking for stdlib.h
configure:8143: gcc -c -g -O2 -I$(srcdir)/libwc    conftest.c >&5
configure:8143: $? = 0
configure:8143: result: yes
configure:8143: checking for string.h
configure:8143: gcc -c -g -O2 -I$(srcdir)/libwc    conftest.c >&5
configure:8143: $? = 0
configure:8143: result: yes
configure:8143: checking for memory.h
configure:8143: gcc -c -g -O2 -I$(srcdir)/libwc    conftest.c >&5
configure:8143: $? = 0
configure:8143: result: yes
configure:8143: checking for strings.h
configure:8143: gcc -c -g -O2 -I$(srcdir)/libwc    conftest.c >&5
configure:8143: $? = 0
configure:8143: result: yes
configure:8143: checking for inttypes.h
configure:8143: gcc -c -g -O2 -I$(srcdir)/libwc    conftest.c >&5
configure:8143: $? = 0
configure:8143: result: yes
configure:8143: checking for stdint.h
configure:8143: gcc -c -g -O2 -I$(srcdir)/libwc    conftest.c >&5
configure:8143: $? = 0
configure:8143: result: yes
configure:8143: checking for unistd.h
configure:8143: gcc -c -g -O2 -I$(srcdir)/libwc    conftest.c >&5
configure:8143: $? = 0
configure:8143: result: yes
configure:8155: checking GC library exists
configure:8166: result: yes
configure:8170: checking gc.h usability
configure:8170: gcc -c -g -O2 -I$(srcdir)/libwc    conftest.c >&5
conftest.c:109:16: fatal error: gc.h: No such file or directory
compilation terminated.
configure:8170: $? = 1
configure: failed program was:
| /* confdefs.h */
| #define PACKAGE_NAME "w3m"
| #define PACKAGE_TARNAME "w3m"
| #define PACKAGE_VERSION "0.5.3"
| #define PACKAGE_STRING "w3m 0.5.3"
| #define PACKAGE_BUGREPORT "satodai@w3m.jp"
| #define PACKAGE_URL ""
| #define PACKAGE "w3m"
| #define VERSION "0.5.3"
| #define W3M w3m
| #define W3M_TARGET 
| #define USE_M17N 1
| #define USE_UNICODE 1
| #define W3M_LANG EN
| #define WCTARGET "libwc/libwc.a"
| #define WCCFLAGS "-DUSE_UNICODE -I$(srcdir) -I$(srcdir)/.."
| #define DISPLAY_CHARSET WC_CES_UTF_8
| #define SYSTEM_CHARSET WC_CES_UTF_8
| #define DOCUMENT_CHARSET WC_CES_UTF_8
| #define ENABLE_NLS 1
| #define HAVE_GETTEXT 1
| #define HAVE_DCGETTEXT 1
| #define USE_COLOR 1
| #define USE_ANSI_COLOR 1
| #define USE_BG_COLOR 1
| #define INSTALL_W3MIMGDISPLAY $INSTALL_W3MIMGDISPLAY
| #define USE_IMAGE 1
| #define USE_W3MIMG_X11 1
| #define USE_GDKPIXBUF 1
| #define USE_GTK2 1
| #define USE_W3MIMG_FB 1
| #define USE_GDKPIXBUF 1
| #define USE_GTK2 1
| #define IMGTARGETS "$IMGTARGETS"
| #define IMGOBJS "$IMGOBJS"
| #define IMGX11CFLAGS "$IMGX11CFLAGS"
| #define IMGX11LDFLAGS "$IMGX11LDFLAGS"
| #define IMGFBCFLAGS "$IMGFBCFLAGS"
| #define IMGFBLDFLAGS "$IMGFBLDFLAGS"
| #define IMGLINK "$IMGLINK"
| #define IMGWINCFLAGS "$IMGWINCFLAGS"
| #define IMGWINLDFLAGS "$IMGWINLDFLAGS"
| #define USE_XFACE 1
| #define HELP_FILE "w3mhelp-w3m_en.html"
| #define KEYBIND w3m
| #define USE_MENU 1
| #define USE_MOUSE 1
| #define USE_HISTORY 1
| #define USE_ALARM 1
| #define USE_COOKIE 1
| #define USE_NNTP 1
| #define USE_DICT 1
| #define USE_HELP_CGI 1
| #define USE_EXTERNAL_URI_LOADER 1
| #define USE_W3MMAILER 1
| #define DEF_MIGEMO_COMMAND "migemo -t egrep /usr/local/share/migemo/migemo-dict"
| #define DEF_EDITOR "/usr/bin/vi"
| #define DEF_MAILER "/usr/bin/mail"
| #define DEF_EXT_BROWSER "/usr/bin/mozilla"
| #define INET6 1
| #define USE_SSL 1
| #define USE_SSL_VERIFY 1
| #define USE_DIGEST_AUTH 1
| #define HAVE_LIBM 1
| #define STDC_HEADERS 1
| #define HAVE_SYS_TYPES_H 1
| #define HAVE_SYS_STAT_H 1
| #define HAVE_STDLIB_H 1
| #define HAVE_STRING_H 1
| #define HAVE_MEMORY_H 1
| #define HAVE_STRINGS_H 1
| #define HAVE_INTTYPES_H 1
| #define HAVE_STDINT_H 1
| #define HAVE_UNISTD_H 1
| /* end confdefs.h.  */
| #include <stdio.h>
| #ifdef HAVE_SYS_TYPES_H
| # include <sys/types.h>
| #endif
| #ifdef HAVE_SYS_STAT_H
| # include <sys/stat.h>
| #endif
| #ifdef STDC_HEADERS
| # include <stdlib.h>
| # include <stddef.h>
| #else
| # ifdef HAVE_STDLIB_H
| #  include <stdlib.h>
| # endif
| #endif
| #ifdef HAVE_STRING_H
| # if !defined STDC_HEADERS && defined HAVE_MEMORY_H
| #  include <memory.h>
| # endif
| # include <string.h>
| #endif
| #ifdef HAVE_STRINGS_H
| # include <strings.h>
| #endif
| #ifdef HAVE_INTTYPES_H
| # include <inttypes.h>
| #endif
| #ifdef HAVE_STDINT_H
| # include <stdint.h>
| #endif
| #ifdef HAVE_UNISTD_H
| # include <unistd.h>
| #endif
| #include <gc.h>
configure:8170: result: no
configure:8170: checking gc.h presence
configure:8170: gcc -E  conftest.c
conftest.c:76:16: fatal error: gc.h: No such file or directory
compilation terminated.
configure:8170: $? = 1
configure: failed program was:
| /* confdefs.h */
| #define PACKAGE_NAME "w3m"
| #define PACKAGE_TARNAME "w3m"
| #define PACKAGE_VERSION "0.5.3"
| #define PACKAGE_STRING "w3m 0.5.3"
| #define PACKAGE_BUGREPORT "satodai@w3m.jp"
| #define PACKAGE_URL ""
| #define PACKAGE "w3m"
| #define VERSION "0.5.3"
| #define W3M w3m
| #define W3M_TARGET 
| #define USE_M17N 1
| #define USE_UNICODE 1
| #define W3M_LANG EN
| #define WCTARGET "libwc/libwc.a"
| #define WCCFLAGS "-DUSE_UNICODE -I$(srcdir) -I$(srcdir)/.."
| #define DISPLAY_CHARSET WC_CES_UTF_8
| #define SYSTEM_CHARSET WC_CES_UTF_8
| #define DOCUMENT_CHARSET WC_CES_UTF_8
| #define ENABLE_NLS 1
| #define HAVE_GETTEXT 1
| #define HAVE_DCGETTEXT 1
| #define USE_COLOR 1
| #define USE_ANSI_COLOR 1
| #define USE_BG_COLOR 1
| #define INSTALL_W3MIMGDISPLAY $INSTALL_W3MIMGDISPLAY
| #define USE_IMAGE 1
| #define USE_W3MIMG_X11 1
| #define USE_GDKPIXBUF 1
| #define USE_GTK2 1
| #define USE_W3MIMG_FB 1
| #define USE_GDKPIXBUF 1
| #define USE_GTK2 1
| #define IMGTARGETS "$IMGTARGETS"
| #define IMGOBJS "$IMGOBJS"
| #define IMGX11CFLAGS "$IMGX11CFLAGS"
| #define IMGX11LDFLAGS "$IMGX11LDFLAGS"
| #define IMGFBCFLAGS "$IMGFBCFLAGS"
| #define IMGFBLDFLAGS "$IMGFBLDFLAGS"
| #define IMGLINK "$IMGLINK"
| #define IMGWINCFLAGS "$IMGWINCFLAGS"
| #define IMGWINLDFLAGS "$IMGWINLDFLAGS"
| #define USE_XFACE 1
| #define HELP_FILE "w3mhelp-w3m_en.html"
| #define KEYBIND w3m
| #define USE_MENU 1
| #define USE_MOUSE 1
| #define USE_HISTORY 1
| #define USE_ALARM 1
| #define USE_COOKIE 1
| #define USE_NNTP 1
| #define USE_DICT 1
| #define USE_HELP_CGI 1
| #define USE_EXTERNAL_URI_LOADER 1
| #define USE_W3MMAILER 1
| #define DEF_MIGEMO_COMMAND "migemo -t egrep /usr/local/share/migemo/migemo-dict"
| #define DEF_EDITOR "/usr/bin/vi"
| #define DEF_MAILER "/usr/bin/mail"
| #define DEF_EXT_BROWSER "/usr/bin/mozilla"
| #define INET6 1
| #define USE_SSL 1
| #define USE_SSL_VERIFY 1
| #define USE_DIGEST_AUTH 1
| #define HAVE_LIBM 1
| #define STDC_HEADERS 1
| #define HAVE_SYS_TYPES_H 1
| #define HAVE_SYS_STAT_H 1
| #define HAVE_STDLIB_H 1
| #define HAVE_STRING_H 1
| #define HAVE_MEMORY_H 1
| #define HAVE_STRINGS_H 1
| #define HAVE_INTTYPES_H 1
| #define HAVE_STDINT_H 1
| #define HAVE_UNISTD_H 1
| /* end confdefs.h.  */
| #include <gc.h>
configure:8170: result: no
configure:8170: checking for gc.h
configure:8170: result: no
configure:8177: checking GC header location
configure:8179: result: /usr /usr/local /home/guoding
configure:8186: checking /usr/include
configure:8189: checking gc.h usability
configure:8189: gcc -c -g -O2 -I$(srcdir)/libwc    -I/usr/include conftest.c >&5
conftest.c:109:16: fatal error: gc.h: No such file or directory
compilation terminated.
configure:8189: $? = 1
configure: failed program was:
| /* confdefs.h */
| #define PACKAGE_NAME "w3m"
| #define PACKAGE_TARNAME "w3m"
| #define PACKAGE_VERSION "0.5.3"
| #define PACKAGE_STRING "w3m 0.5.3"
| #define PACKAGE_BUGREPORT "satodai@w3m.jp"
| #define PACKAGE_URL ""
| #define PACKAGE "w3m"
| #define VERSION "0.5.3"
| #define W3M w3m
| #define W3M_TARGET 
| #define USE_M17N 1
| #define USE_UNICODE 1
| #define W3M_LANG EN
| #define WCTARGET "libwc/libwc.a"
| #define WCCFLAGS "-DUSE_UNICODE -I$(srcdir) -I$(srcdir)/.."
| #define DISPLAY_CHARSET WC_CES_UTF_8
| #define SYSTEM_CHARSET WC_CES_UTF_8
| #define DOCUMENT_CHARSET WC_CES_UTF_8
| #define ENABLE_NLS 1
| #define HAVE_GETTEXT 1
| #define HAVE_DCGETTEXT 1
| #define USE_COLOR 1
| #define USE_ANSI_COLOR 1
| #define USE_BG_COLOR 1
| #define INSTALL_W3MIMGDISPLAY $INSTALL_W3MIMGDISPLAY
| #define USE_IMAGE 1
| #define USE_W3MIMG_X11 1
| #define USE_GDKPIXBUF 1
| #define USE_GTK2 1
| #define USE_W3MIMG_FB 1
| #define USE_GDKPIXBUF 1
| #define USE_GTK2 1
| #define IMGTARGETS "$IMGTARGETS"
| #define IMGOBJS "$IMGOBJS"
| #define IMGX11CFLAGS "$IMGX11CFLAGS"
| #define IMGX11LDFLAGS "$IMGX11LDFLAGS"
| #define IMGFBCFLAGS "$IMGFBCFLAGS"
| #define IMGFBLDFLAGS "$IMGFBLDFLAGS"
| #define IMGLINK "$IMGLINK"
| #define IMGWINCFLAGS "$IMGWINCFLAGS"
| #define IMGWINLDFLAGS "$IMGWINLDFLAGS"
| #define USE_XFACE 1
| #define HELP_FILE "w3mhelp-w3m_en.html"
| #define KEYBIND w3m
| #define USE_MENU 1
| #define USE_MOUSE 1
| #define USE_HISTORY 1
| #define USE_ALARM 1
| #define USE_COOKIE 1
| #define USE_NNTP 1
| #define USE_DICT 1
| #define USE_HELP_CGI 1
| #define USE_EXTERNAL_URI_LOADER 1
| #define USE_W3MMAILER 1
| #define DEF_MIGEMO_COMMAND "migemo -t egrep /usr/local/share/migemo/migemo-dict"
| #define DEF_EDITOR "/usr/bin/vi"
| #define DEF_MAILER "/usr/bin/mail"
| #define DEF_EXT_BROWSER "/usr/bin/mozilla"
| #define INET6 1
| #define USE_SSL 1
| #define USE_SSL_VERIFY 1
| #define USE_DIGEST_AUTH 1
| #define HAVE_LIBM 1
| #define STDC_HEADERS 1
| #define HAVE_SYS_TYPES_H 1
| #define HAVE_SYS_STAT_H 1
| #define HAVE_STDLIB_H 1
| #define HAVE_STRING_H 1
| #define HAVE_MEMORY_H 1
| #define HAVE_STRINGS_H 1
| #define HAVE_INTTYPES_H 1
| #define HAVE_STDINT_H 1
| #define HAVE_UNISTD_H 1
| /* end confdefs.h.  */
| #include <stdio.h>
| #ifdef HAVE_SYS_TYPES_H
| # include <sys/types.h>
| #endif
| #ifdef HAVE_SYS_STAT_H
| # include <sys/stat.h>
| #endif
| #ifdef STDC_HEADERS
| # include <stdlib.h>
| # include <stddef.h>
| #else
| # ifdef HAVE_STDLIB_H
| #  include <stdlib.h>
| # endif
| #endif
| #ifdef HAVE_STRING_H
| # if !defined STDC_HEADERS && defined HAVE_MEMORY_H
| #  include <memory.h>
| # endif
| # include <string.h>
| #endif
| #ifdef HAVE_STRINGS_H
| # include <strings.h>
| #endif
| #ifdef HAVE_INTTYPES_H
| # include <inttypes.h>
| #endif
| #ifdef HAVE_STDINT_H
| # include <stdint.h>
| #endif
| #ifdef HAVE_UNISTD_H
| # include <unistd.h>
| #endif
| #include <gc.h>
configure:8189: result: no
configure:8189: checking gc.h presence
configure:8189: gcc -E  -I/usr/include conftest.c
conftest.c:76:16: fatal error: gc.h: No such file or directory
compilation terminated.
configure:8189: $? = 1
configure: failed program was:
| /* confdefs.h */
| #define PACKAGE_NAME "w3m"
| #define PACKAGE_TARNAME "w3m"
| #define PACKAGE_VERSION "0.5.3"
| #define PACKAGE_STRING "w3m 0.5.3"
| #define PACKAGE_BUGREPORT "satodai@w3m.jp"
| #define PACKAGE_URL ""
| #define PACKAGE "w3m"
| #define VERSION "0.5.3"
| #define W3M w3m
| #define W3M_TARGET 
| #define USE_M17N 1
| #define USE_UNICODE 1
| #define W3M_LANG EN
| #define WCTARGET "libwc/libwc.a"
| #define WCCFLAGS "-DUSE_UNICODE -I$(srcdir) -I$(srcdir)/.."
| #define DISPLAY_CHARSET WC_CES_UTF_8
| #define SYSTEM_CHARSET WC_CES_UTF_8
| #define DOCUMENT_CHARSET WC_CES_UTF_8
| #define ENABLE_NLS 1
| #define HAVE_GETTEXT 1
| #define HAVE_DCGETTEXT 1
| #define USE_COLOR 1
| #define USE_ANSI_COLOR 1
| #define USE_BG_COLOR 1
| #define INSTALL_W3MIMGDISPLAY $INSTALL_W3MIMGDISPLAY
| #define USE_IMAGE 1
| #define USE_W3MIMG_X11 1
| #define USE_GDKPIXBUF 1
| #define USE_GTK2 1
| #define USE_W3MIMG_FB 1
| #define USE_GDKPIXBUF 1
| #define USE_GTK2 1
| #define IMGTARGETS "$IMGTARGETS"
| #define IMGOBJS "$IMGOBJS"
| #define IMGX11CFLAGS "$IMGX11CFLAGS"
| #define IMGX11LDFLAGS "$IMGX11LDFLAGS"
| #define IMGFBCFLAGS "$IMGFBCFLAGS"
| #define IMGFBLDFLAGS "$IMGFBLDFLAGS"
| #define IMGLINK "$IMGLINK"
| #define IMGWINCFLAGS "$IMGWINCFLAGS"
| #define IMGWINLDFLAGS "$IMGWINLDFLAGS"
| #define USE_XFACE 1
| #define HELP_FILE "w3mhelp-w3m_en.html"
| #define KEYBIND w3m
| #define USE_MENU 1
| #define USE_MOUSE 1
| #define USE_HISTORY 1
| #define USE_ALARM 1
| #define USE_COOKIE 1
| #define USE_NNTP 1
| #define USE_DICT 1
| #define USE_HELP_CGI 1
| #define USE_EXTERNAL_URI_LOADER 1
| #define USE_W3MMAILER 1
| #define DEF_MIGEMO_COMMAND "migemo -t egrep /usr/local/share/migemo/migemo-dict"
| #define DEF_EDITOR "/usr/bin/vi"
| #define DEF_MAILER "/usr/bin/mail"
| #define DEF_EXT_BROWSER "/usr/bin/mozilla"
| #define INET6 1
| #define USE_SSL 1
| #define USE_SSL_VERIFY 1
| #define USE_DIGEST_AUTH 1
| #define HAVE_LIBM 1
| #define STDC_HEADERS 1
| #define HAVE_SYS_TYPES_H 1
| #define HAVE_SYS_STAT_H 1
| #define HAVE_STDLIB_H 1
| #define HAVE_STRING_H 1
| #define HAVE_MEMORY_H 1
| #define HAVE_STRINGS_H 1
| #define HAVE_INTTYPES_H 1
| #define HAVE_STDINT_H 1
| #define HAVE_UNISTD_H 1
| /* end confdefs.h.  */
| #include <gc.h>
configure:8189: result: no
configure:8189: checking for gc.h
configure:8189: result: no
configure:8186: checking /usr/include/gc
configure:8189: checking gc.h usability
configure:8189: gcc -c -g -O2 -I$(srcdir)/libwc    -I/usr/include/gc conftest.c >&5
conftest.c:109:16: fatal error: gc.h: No such file or directory
compilation terminated.
configure:8189: $? = 1
configure: failed program was:
| /* confdefs.h */
| #define PACKAGE_NAME "w3m"
| #define PACKAGE_TARNAME "w3m"
| #define PACKAGE_VERSION "0.5.3"
| #define PACKAGE_STRING "w3m 0.5.3"
| #define PACKAGE_BUGREPORT "satodai@w3m.jp"
| #define PACKAGE_URL ""
| #define PACKAGE "w3m"
| #define VERSION "0.5.3"
| #define W3M w3m
| #define W3M_TARGET 
| #define USE_M17N 1
| #define USE_UNICODE 1
| #define W3M_LANG EN
| #define WCTARGET "libwc/libwc.a"
| #define WCCFLAGS "-DUSE_UNICODE -I$(srcdir) -I$(srcdir)/.."
| #define DISPLAY_CHARSET WC_CES_UTF_8
| #define SYSTEM_CHARSET WC_CES_UTF_8
| #define DOCUMENT_CHARSET WC_CES_UTF_8
| #define ENABLE_NLS 1
| #define HAVE_GETTEXT 1
| #define HAVE_DCGETTEXT 1
| #define USE_COLOR 1
| #define USE_ANSI_COLOR 1
| #define USE_BG_COLOR 1
| #define INSTALL_W3MIMGDISPLAY $INSTALL_W3MIMGDISPLAY
| #define USE_IMAGE 1
| #define USE_W3MIMG_X11 1
| #define USE_GDKPIXBUF 1
| #define USE_GTK2 1
| #define USE_W3MIMG_FB 1
| #define USE_GDKPIXBUF 1
| #define USE_GTK2 1
| #define IMGTARGETS "$IMGTARGETS"
| #define IMGOBJS "$IMGOBJS"
| #define IMGX11CFLAGS "$IMGX11CFLAGS"
| #define IMGX11LDFLAGS "$IMGX11LDFLAGS"
| #define IMGFBCFLAGS "$IMGFBCFLAGS"
| #define IMGFBLDFLAGS "$IMGFBLDFLAGS"
| #define IMGLINK "$IMGLINK"
| #define IMGWINCFLAGS "$IMGWINCFLAGS"
| #define IMGWINLDFLAGS "$IMGWINLDFLAGS"
| #define USE_XFACE 1
| #define HELP_FILE "w3mhelp-w3m_en.html"
| #define KEYBIND w3m
| #define USE_MENU 1
| #define USE_MOUSE 1
| #define USE_HISTORY 1
| #define USE_ALARM 1
| #define USE_COOKIE 1
| #define USE_NNTP 1
| #define USE_DICT 1
| #define USE_HELP_CGI 1
| #define USE_EXTERNAL_URI_LOADER 1
| #define USE_W3MMAILER 1
| #define DEF_MIGEMO_COMMAND "migemo -t egrep /usr/local/share/migemo/migemo-dict"
| #define DEF_EDITOR "/usr/bin/vi"
| #define DEF_MAILER "/usr/bin/mail"
| #define DEF_EXT_BROWSER "/usr/bin/mozilla"
| #define INET6 1
| #define USE_SSL 1
| #define USE_SSL_VERIFY 1
| #define USE_DIGEST_AUTH 1
| #define HAVE_LIBM 1
| #define STDC_HEADERS 1
| #define HAVE_SYS_TYPES_H 1
| #define HAVE_SYS_STAT_H 1
| #define HAVE_STDLIB_H 1
| #define HAVE_STRING_H 1
| #define HAVE_MEMORY_H 1
| #define HAVE_STRINGS_H 1
| #define HAVE_INTTYPES_H 1
| #define HAVE_STDINT_H 1
| #define HAVE_UNISTD_H 1
| /* end confdefs.h.  */
| #include <stdio.h>
| #ifdef HAVE_SYS_TYPES_H
| # include <sys/types.h>
| #endif
| #ifdef HAVE_SYS_STAT_H
| # include <sys/stat.h>
| #endif
| #ifdef STDC_HEADERS
| # include <stdlib.h>
| # include <stddef.h>
| #else
| # ifdef HAVE_STDLIB_H
| #  include <stdlib.h>
| # endif
| #endif
| #ifdef HAVE_STRING_H
| # if !defined STDC_HEADERS && defined HAVE_MEMORY_H
| #  include <memory.h>
| # endif
| # include <string.h>
| #endif
| #ifdef HAVE_STRINGS_H
| # include <strings.h>
| #endif
| #ifdef HAVE_INTTYPES_H
| # include <inttypes.h>
| #endif
| #ifdef HAVE_STDINT_H
| # include <stdint.h>
| #endif
| #ifdef HAVE_UNISTD_H
| # include <unistd.h>
| #endif
| #include <gc.h>
configure:8189: result: no
configure:8189: checking gc.h presence
configure:8189: gcc -E  -I/usr/include/gc conftest.c
conftest.c:76:16: fatal error: gc.h: No such file or directory
compilation terminated.
configure:8189: $? = 1
configure: failed program was:
| /* confdefs.h */
| #define PACKAGE_NAME "w3m"
| #define PACKAGE_TARNAME "w3m"
| #define PACKAGE_VERSION "0.5.3"
| #define PACKAGE_STRING "w3m 0.5.3"
| #define PACKAGE_BUGREPORT "satodai@w3m.jp"
| #define PACKAGE_URL ""
| #define PACKAGE "w3m"
| #define VERSION "0.5.3"
| #define W3M w3m
| #define W3M_TARGET 
| #define USE_M17N 1
| #define USE_UNICODE 1
| #define W3M_LANG EN
| #define WCTARGET "libwc/libwc.a"
| #define WCCFLAGS "-DUSE_UNICODE -I$(srcdir) -I$(srcdir)/.."
| #define DISPLAY_CHARSET WC_CES_UTF_8
| #define SYSTEM_CHARSET WC_CES_UTF_8
| #define DOCUMENT_CHARSET WC_CES_UTF_8
| #define ENABLE_NLS 1
| #define HAVE_GETTEXT 1
| #define HAVE_DCGETTEXT 1
| #define USE_COLOR 1
| #define USE_ANSI_COLOR 1
| #define USE_BG_COLOR 1
| #define INSTALL_W3MIMGDISPLAY $INSTALL_W3MIMGDISPLAY
| #define USE_IMAGE 1
| #define USE_W3MIMG_X11 1
| #define USE_GDKPIXBUF 1
| #define USE_GTK2 1
| #define USE_W3MIMG_FB 1
| #define USE_GDKPIXBUF 1
| #define USE_GTK2 1
| #define IMGTARGETS "$IMGTARGETS"
| #define IMGOBJS "$IMGOBJS"
| #define IMGX11CFLAGS "$IMGX11CFLAGS"
| #define IMGX11LDFLAGS "$IMGX11LDFLAGS"
| #define IMGFBCFLAGS "$IMGFBCFLAGS"
| #define IMGFBLDFLAGS "$IMGFBLDFLAGS"
| #define IMGLINK "$IMGLINK"
| #define IMGWINCFLAGS "$IMGWINCFLAGS"
| #define IMGWINLDFLAGS "$IMGWINLDFLAGS"
| #define USE_XFACE 1
| #define HELP_FILE "w3mhelp-w3m_en.html"
| #define KEYBIND w3m
| #define USE_MENU 1
| #define USE_MOUSE 1
| #define USE_HISTORY 1
| #define USE_ALARM 1
| #define USE_COOKIE 1
| #define USE_NNTP 1
| #define USE_DICT 1
| #define USE_HELP_CGI 1
| #define USE_EXTERNAL_URI_LOADER 1
| #define USE_W3MMAILER 1
| #define DEF_MIGEMO_COMMAND "migemo -t egrep /usr/local/share/migemo/migemo-dict"
| #define DEF_EDITOR "/usr/bin/vi"
| #define DEF_MAILER "/usr/bin/mail"
| #define DEF_EXT_BROWSER "/usr/bin/mozilla"
| #define INET6 1
| #define USE_SSL 1
| #define USE_SSL_VERIFY 1
| #define USE_DIGEST_AUTH 1
| #define HAVE_LIBM 1
| #define STDC_HEADERS 1
| #define HAVE_SYS_TYPES_H 1
| #define HAVE_SYS_STAT_H 1
| #define HAVE_STDLIB_H 1
| #define HAVE_STRING_H 1
| #define HAVE_MEMORY_H 1
| #define HAVE_STRINGS_H 1
| #define HAVE_INTTYPES_H 1
| #define HAVE_STDINT_H 1
| #define HAVE_UNISTD_H 1
| /* end confdefs.h.  */
| #include <gc.h>
configure:8189: result: no
configure:8189: checking for gc.h
configure:8189: result: no
configure:8186: checking /usr/local/include
configure:8189: checking gc.h usability
configure:8189: gcc -c -g -O2 -I$(srcdir)/libwc    -I/usr/local/include conftest.c >&5
conftest.c:109:16: fatal error: gc.h: No such file or directory
compilation terminated.
configure:8189: $? = 1
configure: failed program was:
| /* confdefs.h */
| #define PACKAGE_NAME "w3m"
| #define PACKAGE_TARNAME "w3m"
| #define PACKAGE_VERSION "0.5.3"
| #define PACKAGE_STRING "w3m 0.5.3"
| #define PACKAGE_BUGREPORT "satodai@w3m.jp"
| #define PACKAGE_URL ""
| #define PACKAGE "w3m"
| #define VERSION "0.5.3"
| #define W3M w3m
| #define W3M_TARGET 
| #define USE_M17N 1
| #define USE_UNICODE 1
| #define W3M_LANG EN
| #define WCTARGET "libwc/libwc.a"
| #define WCCFLAGS "-DUSE_UNICODE -I$(srcdir) -I$(srcdir)/.."
| #define DISPLAY_CHARSET WC_CES_UTF_8
| #define SYSTEM_CHARSET WC_CES_UTF_8
| #define DOCUMENT_CHARSET WC_CES_UTF_8
| #define ENABLE_NLS 1
| #define HAVE_GETTEXT 1
| #define HAVE_DCGETTEXT 1
| #define USE_COLOR 1
| #define USE_ANSI_COLOR 1
| #define USE_BG_COLOR 1
| #define INSTALL_W3MIMGDISPLAY $INSTALL_W3MIMGDISPLAY
| #define USE_IMAGE 1
| #define USE_W3MIMG_X11 1
| #define USE_GDKPIXBUF 1
| #define USE_GTK2 1
| #define USE_W3MIMG_FB 1
| #define USE_GDKPIXBUF 1
| #define USE_GTK2 1
| #define IMGTARGETS "$IMGTARGETS"
| #define IMGOBJS "$IMGOBJS"
| #define IMGX11CFLAGS "$IMGX11CFLAGS"
| #define IMGX11LDFLAGS "$IMGX11LDFLAGS"
| #define IMGFBCFLAGS "$IMGFBCFLAGS"
| #define IMGFBLDFLAGS "$IMGFBLDFLAGS"
| #define IMGLINK "$IMGLINK"
| #define IMGWINCFLAGS "$IMGWINCFLAGS"
| #define IMGWINLDFLAGS "$IMGWINLDFLAGS"
| #define USE_XFACE 1
| #define HELP_FILE "w3mhelp-w3m_en.html"
| #define KEYBIND w3m
| #define USE_MENU 1
| #define USE_MOUSE 1
| #define USE_HISTORY 1
| #define USE_ALARM 1
| #define USE_COOKIE 1
| #define USE_NNTP 1
| #define USE_DICT 1
| #define USE_HELP_CGI 1
| #define USE_EXTERNAL_URI_LOADER 1
| #define USE_W3MMAILER 1
| #define DEF_MIGEMO_COMMAND "migemo -t egrep /usr/local/share/migemo/migemo-dict"
| #define DEF_EDITOR "/usr/bin/vi"
| #define DEF_MAILER "/usr/bin/mail"
| #define DEF_EXT_BROWSER "/usr/bin/mozilla"
| #define INET6 1
| #define USE_SSL 1
| #define USE_SSL_VERIFY 1
| #define USE_DIGEST_AUTH 1
| #define HAVE_LIBM 1
| #define STDC_HEADERS 1
| #define HAVE_SYS_TYPES_H 1
| #define HAVE_SYS_STAT_H 1
| #define HAVE_STDLIB_H 1
| #define HAVE_STRING_H 1
| #define HAVE_MEMORY_H 1
| #define HAVE_STRINGS_H 1
| #define HAVE_INTTYPES_H 1
| #define HAVE_STDINT_H 1
| #define HAVE_UNISTD_H 1
| /* end confdefs.h.  */
| #include <stdio.h>
| #ifdef HAVE_SYS_TYPES_H
| # include <sys/types.h>
| #endif
| #ifdef HAVE_SYS_STAT_H
| # include <sys/stat.h>
| #endif
| #ifdef STDC_HEADERS
| # include <stdlib.h>
| # include <stddef.h>
| #else
| # ifdef HAVE_STDLIB_H
| #  include <stdlib.h>
| # endif
| #endif
| #ifdef HAVE_STRING_H
| # if !defined STDC_HEADERS && defined HAVE_MEMORY_H
| #  include <memory.h>
| # endif
| # include <string.h>
| #endif
| #ifdef HAVE_STRINGS_H
| # include <strings.h>
| #endif
| #ifdef HAVE_INTTYPES_H
| # include <inttypes.h>
| #endif
| #ifdef HAVE_STDINT_H
| # include <stdint.h>
| #endif
| #ifdef HAVE_UNISTD_H
| # include <unistd.h>
| #endif
| #include <gc.h>
configure:8189: result: no
configure:8189: checking gc.h presence
configure:8189: gcc -E  -I/usr/local/include conftest.c
conftest.c:76:16: fatal error: gc.h: No such file or directory
compilation terminated.
configure:8189: $? = 1
configure: failed program was:
| /* confdefs.h */
| #define PACKAGE_NAME "w3m"
| #define PACKAGE_TARNAME "w3m"
| #define PACKAGE_VERSION "0.5.3"
| #define PACKAGE_STRING "w3m 0.5.3"
| #define PACKAGE_BUGREPORT "satodai@w3m.jp"
| #define PACKAGE_URL ""
| #define PACKAGE "w3m"
| #define VERSION "0.5.3"
| #define W3M w3m
| #define W3M_TARGET 
| #define USE_M17N 1
| #define USE_UNICODE 1
| #define W3M_LANG EN
| #define WCTARGET "libwc/libwc.a"
| #define WCCFLAGS "-DUSE_UNICODE -I$(srcdir) -I$(srcdir)/.."
| #define DISPLAY_CHARSET WC_CES_UTF_8
| #define SYSTEM_CHARSET WC_CES_UTF_8
| #define DOCUMENT_CHARSET WC_CES_UTF_8
| #define ENABLE_NLS 1
| #define HAVE_GETTEXT 1
| #define HAVE_DCGETTEXT 1
| #define USE_COLOR 1
| #define USE_ANSI_COLOR 1
| #define USE_BG_COLOR 1
| #define INSTALL_W3MIMGDISPLAY $INSTALL_W3MIMGDISPLAY
| #define USE_IMAGE 1
| #define USE_W3MIMG_X11 1
| #define USE_GDKPIXBUF 1
| #define USE_GTK2 1
| #define USE_W3MIMG_FB 1
| #define USE_GDKPIXBUF 1
| #define USE_GTK2 1
| #define IMGTARGETS "$IMGTARGETS"
| #define IMGOBJS "$IMGOBJS"
| #define IMGX11CFLAGS "$IMGX11CFLAGS"
| #define IMGX11LDFLAGS "$IMGX11LDFLAGS"
| #define IMGFBCFLAGS "$IMGFBCFLAGS"
| #define IMGFBLDFLAGS "$IMGFBLDFLAGS"
| #define IMGLINK "$IMGLINK"
| #define IMGWINCFLAGS "$IMGWINCFLAGS"
| #define IMGWINLDFLAGS "$IMGWINLDFLAGS"
| #define USE_XFACE 1
| #define HELP_FILE "w3mhelp-w3m_en.html"
| #define KEYBIND w3m
| #define USE_MENU 1
| #define USE_MOUSE 1
| #define USE_HISTORY 1
| #define USE_ALARM 1
| #define USE_COOKIE 1
| #define USE_NNTP 1
| #define USE_DICT 1
| #define USE_HELP_CGI 1
| #define USE_EXTERNAL_URI_LOADER 1
| #define USE_W3MMAILER 1
| #define DEF_MIGEMO_COMMAND "migemo -t egrep /usr/local/share/migemo/migemo-dict"
| #define DEF_EDITOR "/usr/bin/vi"
| #define DEF_MAILER "/usr/bin/mail"
| #define DEF_EXT_BROWSER "/usr/bin/mozilla"
| #define INET6 1
| #define USE_SSL 1
| #define USE_SSL_VERIFY 1
| #define USE_DIGEST_AUTH 1
| #define HAVE_LIBM 1
| #define STDC_HEADERS 1
| #define HAVE_SYS_TYPES_H 1
| #define HAVE_SYS_STAT_H 1
| #define HAVE_STDLIB_H 1
| #define HAVE_STRING_H 1
| #define HAVE_MEMORY_H 1
| #define HAVE_STRINGS_H 1
| #define HAVE_INTTYPES_H 1
| #define HAVE_STDINT_H 1
| #define HAVE_UNISTD_H 1
| /* end confdefs.h.  */
| #include <gc.h>
configure:8189: result: no
configure:8189: checking for gc.h
configure:8189: result: no
configure:8186: checking /usr/local/include/gc
configure:8189: checking gc.h usability
configure:8189: gcc -c -g -O2 -I$(srcdir)/libwc    -I/usr/local/include/gc conftest.c >&5
conftest.c:109:16: fatal error: gc.h: No such file or directory
compilation terminated.
configure:8189: $? = 1
configure: failed program was:
| /* confdefs.h */
| #define PACKAGE_NAME "w3m"
| #define PACKAGE_TARNAME "w3m"
| #define PACKAGE_VERSION "0.5.3"
| #define PACKAGE_STRING "w3m 0.5.3"
| #define PACKAGE_BUGREPORT "satodai@w3m.jp"
| #define PACKAGE_URL ""
| #define PACKAGE "w3m"
| #define VERSION "0.5.3"
| #define W3M w3m
| #define W3M_TARGET 
| #define USE_M17N 1
| #define USE_UNICODE 1
| #define W3M_LANG EN
| #define WCTARGET "libwc/libwc.a"
| #define WCCFLAGS "-DUSE_UNICODE -I$(srcdir) -I$(srcdir)/.."
| #define DISPLAY_CHARSET WC_CES_UTF_8
| #define SYSTEM_CHARSET WC_CES_UTF_8
| #define DOCUMENT_CHARSET WC_CES_UTF_8
| #define ENABLE_NLS 1
| #define HAVE_GETTEXT 1
| #define HAVE_DCGETTEXT 1
| #define USE_COLOR 1
| #define USE_ANSI_COLOR 1
| #define USE_BG_COLOR 1
| #define INSTALL_W3MIMGDISPLAY $INSTALL_W3MIMGDISPLAY
| #define USE_IMAGE 1
| #define USE_W3MIMG_X11 1
| #define USE_GDKPIXBUF 1
| #define USE_GTK2 1
| #define USE_W3MIMG_FB 1
| #define USE_GDKPIXBUF 1
| #define USE_GTK2 1
| #define IMGTARGETS "$IMGTARGETS"
| #define IMGOBJS "$IMGOBJS"
| #define IMGX11CFLAGS "$IMGX11CFLAGS"
| #define IMGX11LDFLAGS "$IMGX11LDFLAGS"
| #define IMGFBCFLAGS "$IMGFBCFLAGS"
| #define IMGFBLDFLAGS "$IMGFBLDFLAGS"
| #define IMGLINK "$IMGLINK"
| #define IMGWINCFLAGS "$IMGWINCFLAGS"
| #define IMGWINLDFLAGS "$IMGWINLDFLAGS"
| #define USE_XFACE 1
| #define HELP_FILE "w3mhelp-w3m_en.html"
| #define KEYBIND w3m
| #define USE_MENU 1
| #define USE_MOUSE 1
| #define USE_HISTORY 1
| #define USE_ALARM 1
| #define USE_COOKIE 1
| #define USE_NNTP 1
| #define USE_DICT 1
| #define USE_HELP_CGI 1
| #define USE_EXTERNAL_URI_LOADER 1
| #define USE_W3MMAILER 1
| #define DEF_MIGEMO_COMMAND "migemo -t egrep /usr/local/share/migemo/migemo-dict"
| #define DEF_EDITOR "/usr/bin/vi"
| #define DEF_MAILER "/usr/bin/mail"
| #define DEF_EXT_BROWSER "/usr/bin/mozilla"
| #define INET6 1
| #define USE_SSL 1
| #define USE_SSL_VERIFY 1
| #define USE_DIGEST_AUTH 1
| #define HAVE_LIBM 1
| #define STDC_HEADERS 1
| #define HAVE_SYS_TYPES_H 1
| #define HAVE_SYS_STAT_H 1
| #define HAVE_STDLIB_H 1
| #define HAVE_STRING_H 1
| #define HAVE_MEMORY_H 1
| #define HAVE_STRINGS_H 1
| #define HAVE_INTTYPES_H 1
| #define HAVE_STDINT_H 1
| #define HAVE_UNISTD_H 1
| /* end confdefs.h.  */
| #include <stdio.h>
| #ifdef HAVE_SYS_TYPES_H
| # include <sys/types.h>
| #endif
| #ifdef HAVE_SYS_STAT_H
| # include <sys/stat.h>
| #endif
| #ifdef STDC_HEADERS
| # include <stdlib.h>
| # include <stddef.h>
| #else
| # ifdef HAVE_STDLIB_H
| #  include <stdlib.h>
| # endif
| #endif
| #ifdef HAVE_STRING_H
| # if !defined STDC_HEADERS && defined HAVE_MEMORY_H
| #  include <memory.h>
| # endif
| # include <string.h>
| #endif
| #ifdef HAVE_STRINGS_H
| # include <strings.h>
| #endif
| #ifdef HAVE_INTTYPES_H
| # include <inttypes.h>
| #endif
| #ifdef HAVE_STDINT_H
| # include <stdint.h>
| #endif
| #ifdef HAVE_UNISTD_H
| # include <unistd.h>
| #endif
| #include <gc.h>
configure:8189: result: no
configure:8189: checking gc.h presence
configure:8189: gcc -E  -I/usr/local/include/gc conftest.c
conftest.c:76:16: fatal error: gc.h: No such file or directory
compilation terminated.
configure:8189: $? = 1
configure: failed program was:
| /* confdefs.h */
| #define PACKAGE_NAME "w3m"
| #define PACKAGE_TARNAME "w3m"
| #define PACKAGE_VERSION "0.5.3"
| #define PACKAGE_STRING "w3m 0.5.3"
| #define PACKAGE_BUGREPORT "satodai@w3m.jp"
| #define PACKAGE_URL ""
| #define PACKAGE "w3m"
| #define VERSION "0.5.3"
| #define W3M w3m
| #define W3M_TARGET 
| #define USE_M17N 1
| #define USE_UNICODE 1
| #define W3M_LANG EN
| #define WCTARGET "libwc/libwc.a"
| #define WCCFLAGS "-DUSE_UNICODE -I$(srcdir) -I$(srcdir)/.."
| #define DISPLAY_CHARSET WC_CES_UTF_8
| #define SYSTEM_CHARSET WC_CES_UTF_8
| #define DOCUMENT_CHARSET WC_CES_UTF_8
| #define ENABLE_NLS 1
| #define HAVE_GETTEXT 1
| #define HAVE_DCGETTEXT 1
| #define USE_COLOR 1
| #define USE_ANSI_COLOR 1
| #define USE_BG_COLOR 1
| #define INSTALL_W3MIMGDISPLAY $INSTALL_W3MIMGDISPLAY
| #define USE_IMAGE 1
| #define USE_W3MIMG_X11 1
| #define USE_GDKPIXBUF 1
| #define USE_GTK2 1
| #define USE_W3MIMG_FB 1
| #define USE_GDKPIXBUF 1
| #define USE_GTK2 1
| #define IMGTARGETS "$IMGTARGETS"
| #define IMGOBJS "$IMGOBJS"
| #define IMGX11CFLAGS "$IMGX11CFLAGS"
| #define IMGX11LDFLAGS "$IMGX11LDFLAGS"
| #define IMGFBCFLAGS "$IMGFBCFLAGS"
| #define IMGFBLDFLAGS "$IMGFBLDFLAGS"
| #define IMGLINK "$IMGLINK"
| #define IMGWINCFLAGS "$IMGWINCFLAGS"
| #define IMGWINLDFLAGS "$IMGWINLDFLAGS"
| #define USE_XFACE 1
| #define HELP_FILE "w3mhelp-w3m_en.html"
| #define KEYBIND w3m
| #define USE_MENU 1
| #define USE_MOUSE 1
| #define USE_HISTORY 1
| #define USE_ALARM 1
| #define USE_COOKIE 1
| #define USE_NNTP 1
| #define USE_DICT 1
| #define USE_HELP_CGI 1
| #define USE_EXTERNAL_URI_LOADER 1
| #define USE_W3MMAILER 1
| #define DEF_MIGEMO_COMMAND "migemo -t egrep /usr/local/share/migemo/migemo-dict"
| #define DEF_EDITOR "/usr/bin/vi"
| #define DEF_MAILER "/usr/bin/mail"
| #define DEF_EXT_BROWSER "/usr/bin/mozilla"
| #define INET6 1
| #define USE_SSL 1
| #define USE_SSL_VERIFY 1
| #define USE_DIGEST_AUTH 1
| #define HAVE_LIBM 1
| #define STDC_HEADERS 1
| #define HAVE_SYS_TYPES_H 1
| #define HAVE_SYS_STAT_H 1
| #define HAVE_STDLIB_H 1
| #define HAVE_STRING_H 1
| #define HAVE_MEMORY_H 1
| #define HAVE_STRINGS_H 1
| #define HAVE_INTTYPES_H 1
| #define HAVE_STDINT_H 1
| #define HAVE_UNISTD_H 1
| /* end confdefs.h.  */
| #include <gc.h>
configure:8189: result: no
configure:8189: checking for gc.h
configure:8189: result: no
configure:8186: checking /home/guoding/include
configure:8189: checking gc.h usability
configure:8189: gcc -c -g -O2 -I$(srcdir)/libwc    -I/home/guoding/include conftest.c >&5
conftest.c:109:16: fatal error: gc.h: No such file or directory
compilation terminated.
configure:8189: $? = 1
configure: failed program was:
| /* confdefs.h */
| #define PACKAGE_NAME "w3m"
| #define PACKAGE_TARNAME "w3m"
| #define PACKAGE_VERSION "0.5.3"
| #define PACKAGE_STRING "w3m 0.5.3"
| #define PACKAGE_BUGREPORT "satodai@w3m.jp"
| #define PACKAGE_URL ""
| #define PACKAGE "w3m"
| #define VERSION "0.5.3"
| #define W3M w3m
| #define W3M_TARGET 
| #define USE_M17N 1
| #define USE_UNICODE 1
| #define W3M_LANG EN
| #define WCTARGET "libwc/libwc.a"
| #define WCCFLAGS "-DUSE_UNICODE -I$(srcdir) -I$(srcdir)/.."
| #define DISPLAY_CHARSET WC_CES_UTF_8
| #define SYSTEM_CHARSET WC_CES_UTF_8
| #define DOCUMENT_CHARSET WC_CES_UTF_8
| #define ENABLE_NLS 1
| #define HAVE_GETTEXT 1
| #define HAVE_DCGETTEXT 1
| #define USE_COLOR 1
| #define USE_ANSI_COLOR 1
| #define USE_BG_COLOR 1
| #define INSTALL_W3MIMGDISPLAY $INSTALL_W3MIMGDISPLAY
| #define USE_IMAGE 1
| #define USE_W3MIMG_X11 1
| #define USE_GDKPIXBUF 1
| #define USE_GTK2 1
| #define USE_W3MIMG_FB 1
| #define USE_GDKPIXBUF 1
| #define USE_GTK2 1
| #define IMGTARGETS "$IMGTARGETS"
| #define IMGOBJS "$IMGOBJS"
| #define IMGX11CFLAGS "$IMGX11CFLAGS"
| #define IMGX11LDFLAGS "$IMGX11LDFLAGS"
| #define IMGFBCFLAGS "$IMGFBCFLAGS"
| #define IMGFBLDFLAGS "$IMGFBLDFLAGS"
| #define IMGLINK "$IMGLINK"
| #define IMGWINCFLAGS "$IMGWINCFLAGS"
| #define IMGWINLDFLAGS "$IMGWINLDFLAGS"
| #define USE_XFACE 1
| #define HELP_FILE "w3mhelp-w3m_en.html"
| #define KEYBIND w3m
| #define USE_MENU 1
| #define USE_MOUSE 1
| #define USE_HISTORY 1
| #define USE_ALARM 1
| #define USE_COOKIE 1
| #define USE_NNTP 1
| #define USE_DICT 1
| #define USE_HELP_CGI 1
| #define USE_EXTERNAL_URI_LOADER 1
| #define USE_W3MMAILER 1
| #define DEF_MIGEMO_COMMAND "migemo -t egrep /usr/local/share/migemo/migemo-dict"
| #define DEF_EDITOR "/usr/bin/vi"
| #define DEF_MAILER "/usr/bin/mail"
| #define DEF_EXT_BROWSER "/usr/bin/mozilla"
| #define INET6 1
| #define USE_SSL 1
| #define USE_SSL_VERIFY 1
| #define USE_DIGEST_AUTH 1
| #define HAVE_LIBM 1
| #define STDC_HEADERS 1
| #define HAVE_SYS_TYPES_H 1
| #define HAVE_SYS_STAT_H 1
| #define HAVE_STDLIB_H 1
| #define HAVE_STRING_H 1
| #define HAVE_MEMORY_H 1
| #define HAVE_STRINGS_H 1
| #define HAVE_INTTYPES_H 1
| #define HAVE_STDINT_H 1
| #define HAVE_UNISTD_H 1
| /* end confdefs.h.  */
| #include <stdio.h>
| #ifdef HAVE_SYS_TYPES_H
| # include <sys/types.h>
| #endif
| #ifdef HAVE_SYS_STAT_H
| # include <sys/stat.h>
| #endif
| #ifdef STDC_HEADERS
| # include <stdlib.h>
| # include <stddef.h>
| #else
| # ifdef HAVE_STDLIB_H
| #  include <stdlib.h>
| # endif
| #endif
| #ifdef HAVE_STRING_H
| # if !defined STDC_HEADERS && defined HAVE_MEMORY_H
| #  include <memory.h>
| # endif
| # include <string.h>
| #endif
| #ifdef HAVE_STRINGS_H
| # include <strings.h>
| #endif
| #ifdef HAVE_INTTYPES_H
| # include <inttypes.h>
| #endif
| #ifdef HAVE_STDINT_H
| # include <stdint.h>
| #endif
| #ifdef HAVE_UNISTD_H
| # include <unistd.h>
| #endif
| #include <gc.h>
configure:8189: result: no
configure:8189: checking gc.h presence
configure:8189: gcc -E  -I/home/guoding/include conftest.c
conftest.c:76:16: fatal error: gc.h: No such file or directory
compilation terminated.
configure:8189: $? = 1
configure: failed program was:
| /* confdefs.h */
| #define PACKAGE_NAME "w3m"
| #define PACKAGE_TARNAME "w3m"
| #define PACKAGE_VERSION "0.5.3"
| #define PACKAGE_STRING "w3m 0.5.3"
| #define PACKAGE_BUGREPORT "satodai@w3m.jp"
| #define PACKAGE_URL ""
| #define PACKAGE "w3m"
| #define VERSION "0.5.3"
| #define W3M w3m
| #define W3M_TARGET 
| #define USE_M17N 1
| #define USE_UNICODE 1
| #define W3M_LANG EN
| #define WCTARGET "libwc/libwc.a"
| #define WCCFLAGS "-DUSE_UNICODE -I$(srcdir) -I$(srcdir)/.."
| #define DISPLAY_CHARSET WC_CES_UTF_8
| #define SYSTEM_CHARSET WC_CES_UTF_8
| #define DOCUMENT_CHARSET WC_CES_UTF_8
| #define ENABLE_NLS 1
| #define HAVE_GETTEXT 1
| #define HAVE_DCGETTEXT 1
| #define USE_COLOR 1
| #define USE_ANSI_COLOR 1
| #define USE_BG_COLOR 1
| #define INSTALL_W3MIMGDISPLAY $INSTALL_W3MIMGDISPLAY
| #define USE_IMAGE 1
| #define USE_W3MIMG_X11 1
| #define USE_GDKPIXBUF 1
| #define USE_GTK2 1
| #define USE_W3MIMG_FB 1
| #define USE_GDKPIXBUF 1
| #define USE_GTK2 1
| #define IMGTARGETS "$IMGTARGETS"
| #define IMGOBJS "$IMGOBJS"
| #define IMGX11CFLAGS "$IMGX11CFLAGS"
| #define IMGX11LDFLAGS "$IMGX11LDFLAGS"
| #define IMGFBCFLAGS "$IMGFBCFLAGS"
| #define IMGFBLDFLAGS "$IMGFBLDFLAGS"
| #define IMGLINK "$IMGLINK"
| #define IMGWINCFLAGS "$IMGWINCFLAGS"
| #define IMGWINLDFLAGS "$IMGWINLDFLAGS"
| #define USE_XFACE 1
| #define HELP_FILE "w3mhelp-w3m_en.html"
| #define KEYBIND w3m
| #define USE_MENU 1
| #define USE_MOUSE 1
| #define USE_HISTORY 1
| #define USE_ALARM 1
| #define USE_COOKIE 1
| #define USE_NNTP 1
| #define USE_DICT 1
| #define USE_HELP_CGI 1
| #define USE_EXTERNAL_URI_LOADER 1
| #define USE_W3MMAILER 1
| #define DEF_MIGEMO_COMMAND "migemo -t egrep /usr/local/share/migemo/migemo-dict"
| #define DEF_EDITOR "/usr/bin/vi"
| #define DEF_MAILER "/usr/bin/mail"
| #define DEF_EXT_BROWSER "/usr/bin/mozilla"
| #define INET6 1
| #define USE_SSL 1
| #define USE_SSL_VERIFY 1
| #define USE_DIGEST_AUTH 1
| #define HAVE_LIBM 1
| #define STDC_HEADERS 1
| #define HAVE_SYS_TYPES_H 1
| #define HAVE_SYS_STAT_H 1
| #define HAVE_STDLIB_H 1
| #define HAVE_STRING_H 1
| #define HAVE_MEMORY_H 1
| #define HAVE_STRINGS_H 1
| #define HAVE_INTTYPES_H 1
| #define HAVE_STDINT_H 1
| #define HAVE_UNISTD_H 1
| /* end confdefs.h.  */
| #include <gc.h>
configure:8189: result: no
configure:8189: checking for gc.h
configure:8189: result: no
configure:8186: checking /home/guoding/include/gc
configure:8189: checking gc.h usability
configure:8189: gcc -c -g -O2 -I$(srcdir)/libwc    -I/home/guoding/include/gc conftest.c >&5
conftest.c:109:16: fatal error: gc.h: No such file or directory
compilation terminated.
configure:8189: $? = 1
configure: failed program was:
| /* confdefs.h */
| #define PACKAGE_NAME "w3m"
| #define PACKAGE_TARNAME "w3m"
| #define PACKAGE_VERSION "0.5.3"
| #define PACKAGE_STRING "w3m 0.5.3"
| #define PACKAGE_BUGREPORT "satodai@w3m.jp"
| #define PACKAGE_URL ""
| #define PACKAGE "w3m"
| #define VERSION "0.5.3"
| #define W3M w3m
| #define W3M_TARGET 
| #define USE_M17N 1
| #define USE_UNICODE 1
| #define W3M_LANG EN
| #define WCTARGET "libwc/libwc.a"
| #define WCCFLAGS "-DUSE_UNICODE -I$(srcdir) -I$(srcdir)/.."
| #define DISPLAY_CHARSET WC_CES_UTF_8
| #define SYSTEM_CHARSET WC_CES_UTF_8
| #define DOCUMENT_CHARSET WC_CES_UTF_8
| #define ENABLE_NLS 1
| #define HAVE_GETTEXT 1
| #define HAVE_DCGETTEXT 1
| #define USE_COLOR 1
| #define USE_ANSI_COLOR 1
| #define USE_BG_COLOR 1
| #define INSTALL_W3MIMGDISPLAY $INSTALL_W3MIMGDISPLAY
| #define USE_IMAGE 1
| #define USE_W3MIMG_X11 1
| #define USE_GDKPIXBUF 1
| #define USE_GTK2 1
| #define USE_W3MIMG_FB 1
| #define USE_GDKPIXBUF 1
| #define USE_GTK2 1
| #define IMGTARGETS "$IMGTARGETS"
| #define IMGOBJS "$IMGOBJS"
| #define IMGX11CFLAGS "$IMGX11CFLAGS"
| #define IMGX11LDFLAGS "$IMGX11LDFLAGS"
| #define IMGFBCFLAGS "$IMGFBCFLAGS"
| #define IMGFBLDFLAGS "$IMGFBLDFLAGS"
| #define IMGLINK "$IMGLINK"
| #define IMGWINCFLAGS "$IMGWINCFLAGS"
| #define IMGWINLDFLAGS "$IMGWINLDFLAGS"
| #define USE_XFACE 1
| #define HELP_FILE "w3mhelp-w3m_en.html"
| #define KEYBIND w3m
| #define USE_MENU 1
| #define USE_MOUSE 1
| #define USE_HISTORY 1
| #define USE_ALARM 1
| #define USE_COOKIE 1
| #define USE_NNTP 1
| #define USE_DICT 1
| #define USE_HELP_CGI 1
| #define USE_EXTERNAL_URI_LOADER 1
| #define USE_W3MMAILER 1
| #define DEF_MIGEMO_COMMAND "migemo -t egrep /usr/local/share/migemo/migemo-dict"
| #define DEF_EDITOR "/usr/bin/vi"
| #define DEF_MAILER "/usr/bin/mail"
| #define DEF_EXT_BROWSER "/usr/bin/mozilla"
| #define INET6 1
| #define USE_SSL 1
| #define USE_SSL_VERIFY 1
| #define USE_DIGEST_AUTH 1
| #define HAVE_LIBM 1
| #define STDC_HEADERS 1
| #define HAVE_SYS_TYPES_H 1
| #define HAVE_SYS_STAT_H 1
| #define HAVE_STDLIB_H 1
| #define HAVE_STRING_H 1
| #define HAVE_MEMORY_H 1
| #define HAVE_STRINGS_H 1
| #define HAVE_INTTYPES_H 1
| #define HAVE_STDINT_H 1
| #define HAVE_UNISTD_H 1
| /* end confdefs.h.  */
| #include <stdio.h>
| #ifdef HAVE_SYS_TYPES_H
| # include <sys/types.h>
| #endif
| #ifdef HAVE_SYS_STAT_H
| # include <sys/stat.h>
| #endif
| #ifdef STDC_HEADERS
| # include <stdlib.h>
| # include <stddef.h>
| #else
| # ifdef HAVE_STDLIB_H
| #  include <stdlib.h>
| # endif
| #endif
| #ifdef HAVE_STRING_H
| # if !defined STDC_HEADERS && defined HAVE_MEMORY_H
| #  include <memory.h>
| # endif
| # include <string.h>
| #endif
| #ifdef HAVE_STRINGS_H
| # include <strings.h>
| #endif
| #ifdef HAVE_INTTYPES_H
| # include <inttypes.h>
| #endif
| #ifdef HAVE_STDINT_H
| # include <stdint.h>
| #endif
| #ifdef HAVE_UNISTD_H
| # include <unistd.h>
| #endif
| #include <gc.h>
configure:8189: result: no
configure:8189: checking gc.h presence
configure:8189: gcc -E  -I/home/guoding/include/gc conftest.c
conftest.c:76:16: fatal error: gc.h: No such file or directory
compilation terminated.
configure:8189: $? = 1
configure: failed program was:
| /* confdefs.h */
| #define PACKAGE_NAME "w3m"
| #define PACKAGE_TARNAME "w3m"
| #define PACKAGE_VERSION "0.5.3"
| #define PACKAGE_STRING "w3m 0.5.3"
| #define PACKAGE_BUGREPORT "satodai@w3m.jp"
| #define PACKAGE_URL ""
| #define PACKAGE "w3m"
| #define VERSION "0.5.3"
| #define W3M w3m
| #define W3M_TARGET 
| #define USE_M17N 1
| #define USE_UNICODE 1
| #define W3M_LANG EN
| #define WCTARGET "libwc/libwc.a"
| #define WCCFLAGS "-DUSE_UNICODE -I$(srcdir) -I$(srcdir)/.."
| #define DISPLAY_CHARSET WC_CES_UTF_8
| #define SYSTEM_CHARSET WC_CES_UTF_8
| #define DOCUMENT_CHARSET WC_CES_UTF_8
| #define ENABLE_NLS 1
| #define HAVE_GETTEXT 1
| #define HAVE_DCGETTEXT 1
| #define USE_COLOR 1
| #define USE_ANSI_COLOR 1
| #define USE_BG_COLOR 1
| #define INSTALL_W3MIMGDISPLAY $INSTALL_W3MIMGDISPLAY
| #define USE_IMAGE 1
| #define USE_W3MIMG_X11 1
| #define USE_GDKPIXBUF 1
| #define USE_GTK2 1
| #define USE_W3MIMG_FB 1
| #define USE_GDKPIXBUF 1
| #define USE_GTK2 1
| #define IMGTARGETS "$IMGTARGETS"
| #define IMGOBJS "$IMGOBJS"
| #define IMGX11CFLAGS "$IMGX11CFLAGS"
| #define IMGX11LDFLAGS "$IMGX11LDFLAGS"
| #define IMGFBCFLAGS "$IMGFBCFLAGS"
| #define IMGFBLDFLAGS "$IMGFBLDFLAGS"
| #define IMGLINK "$IMGLINK"
| #define IMGWINCFLAGS "$IMGWINCFLAGS"
| #define IMGWINLDFLAGS "$IMGWINLDFLAGS"
| #define USE_XFACE 1
| #define HELP_FILE "w3mhelp-w3m_en.html"
| #define KEYBIND w3m
| #define USE_MENU 1
| #define USE_MOUSE 1
| #define USE_HISTORY 1
| #define USE_ALARM 1
| #define USE_COOKIE 1
| #define USE_NNTP 1
| #define USE_DICT 1
| #define USE_HELP_CGI 1
| #define USE_EXTERNAL_URI_LOADER 1
| #define USE_W3MMAILER 1
| #define DEF_MIGEMO_COMMAND "migemo -t egrep /usr/local/share/migemo/migemo-dict"
| #define DEF_EDITOR "/usr/bin/vi"
| #define DEF_MAILER "/usr/bin/mail"
| #define DEF_EXT_BROWSER "/usr/bin/mozilla"
| #define INET6 1
| #define USE_SSL 1
| #define USE_SSL_VERIFY 1
| #define USE_DIGEST_AUTH 1
| #define HAVE_LIBM 1
| #define STDC_HEADERS 1
| #define HAVE_SYS_TYPES_H 1
| #define HAVE_SYS_STAT_H 1
| #define HAVE_STDLIB_H 1
| #define HAVE_STRING_H 1
| #define HAVE_MEMORY_H 1
| #define HAVE_STRINGS_H 1
| #define HAVE_INTTYPES_H 1
| #define HAVE_STDINT_H 1
| #define HAVE_UNISTD_H 1
| /* end confdefs.h.  */
| #include <gc.h>
configure:8189: result: no
configure:8189: checking for gc.h
configure:8189: result: no
configure:8202: error: gc.h not found

## ---------------- ##
## Cache variables. ##
## ---------------- ##

ac_cv_build=i686-pc-linux-gnu
ac_cv_c_compiler_gnu=yes
ac_cv_cxx_compiler_gnu=yes
ac_cv_env_CCC_set=
ac_cv_env_CCC_value=
ac_cv_env_CC_set=
ac_cv_env_CC_value=
ac_cv_env_CFLAGS_set=
ac_cv_env_CFLAGS_value=
ac_cv_env_CPPFLAGS_set=
ac_cv_env_CPPFLAGS_value=
ac_cv_env_CPP_set=
ac_cv_env_CPP_value=
ac_cv_env_CXXFLAGS_set=
ac_cv_env_CXXFLAGS_value=
ac_cv_env_CXX_set=
ac_cv_env_CXX_value=
ac_cv_env_LDFLAGS_set=
ac_cv_env_LDFLAGS_value=
ac_cv_env_LIBS_set=
ac_cv_env_LIBS_value=
ac_cv_env_PKG_CONFIG_LIBDIR_set=
ac_cv_env_PKG_CONFIG_LIBDIR_value=
ac_cv_env_PKG_CONFIG_PATH_set=
ac_cv_env_PKG_CONFIG_PATH_value=
ac_cv_env_PKG_CONFIG_set=
ac_cv_env_PKG_CONFIG_value=
ac_cv_env_SSL_CFLAGS_set=
ac_cv_env_SSL_CFLAGS_value=
ac_cv_env_SSL_LIBS_set=
ac_cv_env_SSL_LIBS_value=
ac_cv_env_build_alias_set=
ac_cv_env_build_alias_value=
ac_cv_env_host_alias_set=
ac_cv_env_host_alias_value=
ac_cv_env_target_alias_set=
ac_cv_env_target_alias_value=
ac_cv_func_getaddrinfo=yes
ac_cv_func_sqrt=no
ac_cv_header_gc_h=no
ac_cv_header_inttypes_h=yes
ac_cv_header_memory_h=yes
ac_cv_header_stdc=yes
ac_cv_header_stdint_h=yes
ac_cv_header_stdlib_h=yes
ac_cv_header_string_h=yes
ac_cv_header_strings_h=yes
ac_cv_header_sys_stat_h=yes
ac_cv_header_sys_types_h=yes
ac_cv_header_unistd_h=yes
ac_cv_host=i686-pc-linux-gnu
ac_cv_lib_gpm_Gpm_Open=no
ac_cv_lib_m_sqrt=yes
ac_cv_lib_mytinfo___tgetent=no
ac_cv_lib_ssl_SSL_new=yes
ac_cv_lib_termcap___tgetent=yes
ac_cv_lib_terminfo___tgetent=no
ac_cv_lib_termlib___tgetent=no
ac_cv_objext=o
ac_cv_path_EGREP='/bin/grep -E'
ac_cv_path_GMSGFMT=/usr/bin/msgfmt
ac_cv_path_GREP=/bin/grep
ac_cv_path_MAN=/usr/bin/man
ac_cv_path_MSGFMT=/usr/bin/msgfmt
ac_cv_path_MSGMERGE=/usr/bin/msgmerge
ac_cv_path_PERL=/usr/bin/perl
ac_cv_path_XGETTEXT=/usr/bin/xgettext
ac_cv_path_ac_pt_PKG_CONFIG=/usr/bin/pkg-config
ac_cv_path_install='/usr/bin/install -c'
ac_cv_path_mkdir=/bin/mkdir
ac_cv_prog_AWK=gawk
ac_cv_prog_CPP='gcc -E'
ac_cv_prog_ac_ct_CC=gcc
ac_cv_prog_ac_ct_CXX=g++
ac_cv_prog_ac_ct_RANLIB=ranlib
ac_cv_prog_cc_c89=
ac_cv_prog_cc_g=yes
ac_cv_prog_cxx_g=yes
ac_cv_prog_make_make_set=yes
ac_cv_prog_uncompface=no
acl_cv_hardcode_direct=no
acl_cv_hardcode_libdir_flag_spec='${wl}-rpath ${wl}$libdir'
acl_cv_hardcode_libdir_separator=
acl_cv_hardcode_minus_L=no
acl_cv_libext=a
acl_cv_libname_spec='lib$name'
acl_cv_library_names_spec='$libname$shrext'
acl_cv_path_LD=/usr/bin/ld
acl_cv_prog_gnu_ld=yes
acl_cv_rpath=done
acl_cv_shlibext=so
acl_cv_wl=-Wl,
gt_cv_func_CFLocaleCopyCurrent=no
gt_cv_func_CFPreferencesCopyAppValue=no
gt_cv_func_gnugettext1_libc=yes
pkg_cv_SSL_CFLAGS=' '
pkg_cv_SSL_LIBS='-lssl -lcrypto  '

## ----------------- ##
## Output variables. ##
## ----------------- ##

AUXBIN_TARGETS=' w3mimgdisplay$(EXT)'
AWK='gawk'
CC='gcc'
CFLAGS='-g -O2 -I$(srcdir)/libwc  '
CPP='gcc -E'
CPPFLAGS=''
CURRENT_VERSION=''
CXX='g++'
CXXFLAGS='-g -O2'
DEFS=''
DEF_EDITOR=''
DEF_EXT_BROWSER=''
DEF_MAILER=''
DEF_MIGEMO_COMMAND=''
DISPLAY_CHARSET=''
DOCDIRS=''
DOCUMENT_CHARSET=''
ECHO_C=''
ECHO_N='-n'
ECHO_T=''
EGREP='/bin/grep -E'
EXEEXT=''
GETTEXT_MACRO_VERSION='0.18'
GMSGFMT='/usr/bin/msgfmt'
GMSGFMT_015='/usr/bin/msgfmt'
GREP='/bin/grep'
HAVE_OLD_SS_FAMILY=''
HAVE_SIGSETJMP=''
HAVE_SYS_ERRLIST=''
HELP_DIR=''
HELP_FILE='w3mhelp-w3m_en.html'
IMGFBCFLAGS=''
IMGFBLDFLAGS=''
IMGLINK='$(CC)'
IMGOBJS='w3mimg.o x11/x11_w3mimg.o fb/fb_w3mimg.o fb/fb.o fb/fb_img.o'
IMGTARGETS='x11 fb'
IMGWINCFLAGS=''
IMGWINLDFLAGS=''
IMGX11CFLAGS=''
IMGX11LDFLAGS=''
INET6=''
INSTALL_DATA='${INSTALL} -m 644'
INSTALL_PROGRAM='${INSTALL}'
INSTALL_SCRIPT='${INSTALL}'
INSTALL_W3MIMGDISPLAY='${INSTALL_PROGRAM}'
INTLLIBS=''
INTLTARGET=''
INTL_MACOSX_LIBS=''
KEYBIND=''
KEYMAP_FILE='keybind'
LDFLAGS=''
LIBGC=''
LIBICONV='-liconv'
LIBINTL=''
LIBOBJS=''
LIBS='-lm  -lnsl -ldl'
LN_S='ln -s'
LTLIBICONV='-liconv'
LTLIBINTL=''
LTLIBOBJS=''
MAN='/usr/bin/man'
MKDIR_P='/bin/mkdir -p'
MSGFMT='/usr/bin/msgfmt'
MSGFMT_015='/usr/bin/msgfmt'
MSGMERGE='/usr/bin/msgmerge'
NKF='/usr/local/bin/nkf'
NLSTARGET='po'
OBJEXT='o'
PACKAGE='w3m'
PACKAGE_BUGREPORT='satodai@w3m.jp'
PACKAGE_NAME='w3m'
PACKAGE_STRING='w3m 0.5.3'
PACKAGE_TARNAME='w3m'
PACKAGE_URL=''
PACKAGE_VERSION='0.5.3'
PATH_SEPARATOR=':'
PERL='/usr/bin/perl'
PKG_CONFIG='/usr/bin/pkg-config'
PKG_CONFIG_LIBDIR=''
PKG_CONFIG_PATH=''
POLANG=''
POSUB='po'
POSUBST=''
RANLIB='ranlib'
RC_DIR=''
RETSIGTYPE=''
SET_MAKE=''
SHELL='/bin/sh'
SIGNAL_RETURN=''
SSL_CFLAGS=' '
SSL_LIBS='-lssl -lcrypto  '
SYSTEM_CHARSET=''
USE_ALARM=''
USE_ANSI_COLOR=''
USE_BG_COLOR=''
USE_BINMODE_STREAM=''
USE_COLOR=''
USE_COOKIE=''
USE_DICT=''
USE_DIGEST_AUTH=''
USE_EXTERNAL_URI_LOADER=''
USE_GDKPIXBUF=''
USE_GOPHER=''
USE_GTK2=''
USE_HELP_CGI=''
USE_HISTORY=''
USE_IMAGE=''
USE_IMLIB2=''
USE_IMLIB=''
USE_M17N=''
USE_MENU=''
USE_MIGEMO=''
USE_MOUSE=''
USE_NLS='yes'
USE_NNTP=''
USE_SSL=''
USE_SSL_VERIFY=''
USE_SYSMOUSE=''
USE_UNICODE=''
USE_W3M=''
USE_W3MIMG_FB=''
USE_W3MIMG_WIN=''
USE_W3MIMG_X11=''
USE_W3MMAILER=''
USE_XFACE=''
VERSION='0.5.3'
W3M='w3m'
W3MIMGDISPLAY_SETUID=''
W3M_LANG='EN'
W3M_LIBS=' -L./libwc -lwc -lssl -lcrypto   -lssl -lcrypto -ltermcap'
W3M_TARGET=''
WCCFLAGS='-DUSE_UNICODE -I$(srcdir) -I$(srcdir)/..'
WCTARGET='libwc/libwc.a'
XGETTEXT='/usr/bin/xgettext'
XGETTEXT_015='/usr/bin/xgettext'
XGETTEXT_EXTRA_OPTIONS=''
ac_ct_CC='gcc'
ac_ct_CXX='g++'
bindir='${exec_prefix}/bin'
build='i686-pc-linux-gnu'
build_alias=''
build_cpu='i686'
build_os='linux-gnu'
build_vendor='pc'
datadir='${datarootdir}'
datarootdir='${prefix}/share'
docdir='${datarootdir}/doc/${PACKAGE_TARNAME}'
dvidir='${docdir}'
exec_prefix='NONE'
host='i686-pc-linux-gnu'
host_alias=''
host_cpu='i686'
host_os='linux-gnu'
host_vendor='pc'
htmldir='${docdir}'
includedir='${prefix}/include'
infodir='${datarootdir}/info'
libdir='${exec_prefix}/lib'
libexecdir='${exec_prefix}/libexec'
localedir='${datarootdir}/locale'
localstatedir='${prefix}/var'
mandir='${datarootdir}/man'
mkdir_p='/bin/mkdir -p'
oldincludedir='/usr/include'
pdfdir='${docdir}'
prefix='NONE'
program_transform_name='s,x,x,'
psdir='${docdir}'
sbindir='${exec_prefix}/sbin'
sharedstatedir='${prefix}/com'
sysconfdir='${prefix}/etc'
target_alias=''
uncompface='no'

## ----------- ##
## confdefs.h. ##
## ----------- ##

/* confdefs.h */
#define PACKAGE_NAME "w3m"
#define PACKAGE_TARNAME "w3m"
#define PACKAGE_VERSION "0.5.3"
#define PACKAGE_STRING "w3m 0.5.3"
#define PACKAGE_BUGREPORT "satodai@w3m.jp"
#define PACKAGE_URL ""
#define PACKAGE "w3m"
#define VERSION "0.5.3"
#define W3M w3m
#define W3M_TARGET 
#define USE_M17N 1
#define USE_UNICODE 1
#define W3M_LANG EN
#define WCTARGET "libwc/libwc.a"
#define WCCFLAGS "-DUSE_UNICODE -I$(srcdir) -I$(srcdir)/.."
#define DISPLAY_CHARSET WC_CES_UTF_8
#define SYSTEM_CHARSET WC_CES_UTF_8
#define DOCUMENT_CHARSET WC_CES_UTF_8
#define ENABLE_NLS 1
#define HAVE_GETTEXT 1
#define HAVE_DCGETTEXT 1
#define USE_COLOR 1
#define USE_ANSI_COLOR 1
#define USE_BG_COLOR 1
#define INSTALL_W3MIMGDISPLAY $INSTALL_W3MIMGDISPLAY
#define USE_IMAGE 1
#define USE_W3MIMG_X11 1
#define USE_GDKPIXBUF 1
#define USE_GTK2 1
#define USE_W3MIMG_FB 1
#define USE_GDKPIXBUF 1
#define USE_GTK2 1
#define IMGTARGETS "$IMGTARGETS"
#define IMGOBJS "$IMGOBJS"
#define IMGX11CFLAGS "$IMGX11CFLAGS"
#define IMGX11LDFLAGS "$IMGX11LDFLAGS"
#define IMGFBCFLAGS "$IMGFBCFLAGS"
#define IMGFBLDFLAGS "$IMGFBLDFLAGS"
#define IMGLINK "$IMGLINK"
#define IMGWINCFLAGS "$IMGWINCFLAGS"
#define IMGWINLDFLAGS "$IMGWINLDFLAGS"
#define USE_XFACE 1
#define HELP_FILE "w3mhelp-w3m_en.html"
#define KEYBIND w3m
#define USE_MENU 1
#define USE_MOUSE 1
#define USE_HISTORY 1
#define USE_ALARM 1
#define USE_COOKIE 1
#define USE_NNTP 1
#define USE_DICT 1
#define USE_HELP_CGI 1
#define USE_EXTERNAL_URI_LOADER 1
#define USE_W3MMAILER 1
#define DEF_MIGEMO_COMMAND "migemo -t egrep /usr/local/share/migemo/migemo-dict"
#define DEF_EDITOR "/usr/bin/vi"
#define DEF_MAILER "/usr/bin/mail"
#define DEF_EXT_BROWSER "/usr/bin/mozilla"
#define INET6 1
#define USE_SSL 1
#define USE_SSL_VERIFY 1
#define USE_DIGEST_AUTH 1
#define HAVE_LIBM 1
#define STDC_HEADERS 1
#define HAVE_SYS_TYPES_H 1
#define HAVE_SYS_STAT_H 1
#define HAVE_STDLIB_H 1
#define HAVE_STRING_H 1
#define HAVE_MEMORY_H 1
#define HAVE_STRINGS_H 1
#define HAVE_INTTYPES_H 1
#define HAVE_STDINT_H 1
#define HAVE_UNISTD_H 1

configure: exit 1
